<?xml version="1.0" encoding="utf-8"?><testsuites name="pytest tests"><testsuite name="pytest" errors="0" failures="0" skipped="7" tests="109" time="70.620" timestamp="2026-09-14T21:17:18.615207+00:00" hostname="agent-env-47edce2d-013f-46c9-ad65-3aca34ad6600"><testcase classname="tests.test_admin_platform.TestAdminAuth" name="test_login_bad_pw" time="0.428" /><testcase classname="tests.test_admin_platform.TestAdminAuth" name="test_admin_endpoints_require_auth" time="0.180" /><testcase classname="tests.test_admin_platform.TestAdminAuth" name="test_app_cookie_does_not_authorize_admin" time="0.469" /><testcase classname="tests.test_admin_platform.TestAdminAuth" name="test_admin_cookie_does_not_authorize_app" time="0.551" /><testcase classname="tests.test_admin_platform.TestAdminAuth" name="test_admin_me" time="0.092" /><testcase classname="tests.test_admin_platform.TestDashboard" name="test_kpis" time="0.098" /><testcase classname="tests.test_admin_platform.TestOffices" name="test_list" time="0.228" /><testcase classname="tests.test_admin_platform.TestOffices" name="test_suspend_blocks_tenant_and_reactivate" time="1.547" /><testcase classname="tests.test_admin_platform.TestOffices" name="test_plan_change_direction" time="0.314" /><testcase classname="tests.test_admin_platform.TestImpersonation" name="test_impersonate_requires_motivo" time="0.101" /><testcase classname="tests.test_admin_platform.TestImpersonation" name="test_impersonate_flow" time="0.483" /><testcase classname="tests.test_admin_platform.TestPlans" name="test_seeded_four_plans" time="0.091" /><testcase classname="tests.test_admin_platform.TestPlans" name="test_plan_crud" time="0.175" /><testcase classname="tests.test_admin_platform.TestBilling" name="test_charge_lifecycle" time="0.597" /><testcase classname="tests.test_admin_platform.TestBilling" name="test_overview_has_aging" time="0.093" /><testcase classname="tests.test_admin_platform.TestSecrets" name="test_write_only" time="0.390" /><testcase classname="tests.test_admin_platform.TestSecrets" name="test_health" time="0.194" /><testcase classname="tests.test_admin_platform.TestTickets" name="test_office_creates_ticket_admin_manages" time="0.264" /><testcase classname="tests.test_admin_platform.TestAIConfig" name="test_rules_persist" time="0.191" /><testcase classname="tests.test_admin_platform.TestOverage" name="test_overage_alert_and_hard_block" time="2.729" /><testcase classname="tests.test_audio_webhook.TestAudioWebhook" name="test_audio_with_fake_media_id_returns_200_no_message_created" time="3.882" /><testcase classname="tests.test_audio_webhook.TestAudioWebhook" name="test_unsupported_types_are_ignored[image-body0]" time="1.519" /><testcase classname="tests.test_audio_webhook.TestAudioWebhook" name="test_unsupported_types_are_ignored[video-body1]" time="1.541" /><testcase classname="tests.test_audio_webhook.TestAudioWebhook" name="test_unsupported_types_are_ignored[document-body2]" time="1.470" /><testcase classname="tests.test_audio_webhook.TestAudioWebhook" name="test_unsupported_types_are_ignored[sticker-body3]" time="1.572" /><testcase classname="tests.test_audio_webhook.TestAudioWebhook" name="test_text_regression_creates_text_message_and_ravi_reply" time="0.078"><skipped type="pytest.skip" message="Conexão WhatsApp de teste inativa — aguardando novo token Meta">/app/backend/tests/test_audio_webhook.py:102: Conexão WhatsApp de teste inativa — aguardando novo token Meta</skipped></testcase><testcase classname="tests.test_audio_webhook.TestAiModuleIntegrity" name="test_classify_and_transcribe_importable" time="0.013" /><testcase classname="tests.test_new_features.TestInlineClient" name="test_process_creates_new_client_inline" time="0.637" /><testcase classname="tests.test_new_features.TestInlineClient" name="test_process_reuses_existing_client_by_phone" time="0.253" /><testcase classname="tests.test_new_features.TestDocuments" name="test_upload_pdf_and_download" time="0.904" /><testcase classname="tests.test_new_features.TestDocuments" name="test_reject_non_pdf" time="0.161" /><testcase classname="tests.test_new_features.TestDocuments" name="test_reject_large_pdf" time="0.867" /><testcase classname="tests.test_new_features.TestDocuments" name="test_tenant_isolation_document" time="1.030" /><testcase classname="tests.test_new_features.TestCobrancas" name="test_patch_creates_and_merges_preserving_flags" time="0.413" /><testcase classname="tests.test_new_features.TestCron" name="test_unauthorized_without_bearer" time="0.143" /><testcase classname="tests.test_new_features.TestCron" name="test_wrong_secret" time="0.183" /><testcase classname="tests.test_new_features.TestCron" name="test_ok_and_idempotent" time="0.271" /><testcase classname="tests.test_new_features.TestCronDispatch" name="test_reminder_today_marks_flag" time="3.438" /><testcase classname="tests.test_new_features.TestCronDispatch" name="test_reminder_skips_when_no_client" time="2.333" /><testcase classname="tests.test_new_features.TestCronsYml" name="test_crons_yml_exists" time="0.002" /><testcase classname="tests.test_phase2.TestClientesPhase2" name="test_create_with_cpf_and_notes" time="0.574" /><testcase classname="tests.test_phase2.TestClientesPhase2" name="test_archive_hides_and_toggle_reveals" time="0.468" /><testcase classname="tests.test_phase2.TestClientesPhase2" name="test_client_detail_with_processes_and_conversations" time="0.147" /><testcase classname="tests.test_phase2.TestClientesPhase2" name="test_client_detail_tenant_isolation" time="0.573" /><testcase classname="tests.test_phase2.TestImportPdfNormal" name="test_fixture_exists" time="0.000" /><testcase classname="tests.test_phase2.TestImportPdfNormal" name="test_import_extracts_cnj_and_tribunal" time="3.833" /><testcase classname="tests.test_phase2.TestImportPdfNormal" name="test_import_partes_typed" time="0.000" /><testcase classname="tests.test_phase2.TestImportPdfNormal" name="test_import_movimentacoes_and_last_movement" time="0.000" /><testcase classname="tests.test_phase2.TestImportPdfNormal" name="test_import_nao_identificados_empty_for_normal" time="0.000" /><testcase classname="tests.test_phase2.TestImportPdfNormal" name="test_import_document_stored_with_office" time="0.072" /><testcase classname="tests.test_phase2.TestImportPdfNormal" name="test_import_isolation_other_office_404" time="0.170" /><testcase classname="tests.test_phase2.TestImportPdfRestrito" name="test_fixture_exists" time="0.000" /><testcase classname="tests.test_phase2.TestImportPdfRestrito" name="test_restricted_flag_and_no_partes" time="2.204" /><testcase classname="tests.test_phase2.TestImportPdfInvalid" name="test_reject_non_pdf" time="0.071" /><testcase classname="tests.test_phase2.TestImportPdfInvalid" name="test_reject_pdf_no_text" time="0.075" /><testcase classname="tests.test_phase3.TestStateMachine" name="test_green_message_keeps_ai_handling" time="2.772" /><testcase classname="tests.test_phase3.TestStateMachine" name="test_explicit_human_request_goes_red" time="0.383" /><testcase classname="tests.test_phase3.TestStateMachine" name="test_acordo_message_goes_red" time="0.154" /><testcase classname="tests.test_phase3.TestConversationActions" name="test_pause_creates_system_message_and_blocks_ai" time="0.331" /><testcase classname="tests.test_phase3.TestConversationActions" name="test_takeover_records_user_name" time="0.157" /><testcase classname="tests.test_phase3.TestConversationActions" name="test_resume_returns_to_ai_handling" time="0.165" /><testcase classname="tests.test_phase3.TestConversationActions" name="test_resolve_closes_conversation_and_alerts" time="0.496" /><testcase classname="tests.test_phase3.TestIsolation" name="test_other_office_cannot_act_on_conversation" time="0.947" /><testcase classname="tests.test_phase3.TestIsolation" name="test_other_office_cannot_get_conversation" time="0.100" /><testcase classname="tests.test_ravi.TestAuth" name="test_login_success" time="0.375" /><testcase classname="tests.test_ravi.TestAuth" name="test_login_wrong_password" time="0.357" /><testcase classname="tests.test_ravi.TestAuth" name="test_me_requires_auth" time="0.144" /><testcase classname="tests.test_ravi.TestAuth" name="test_me_authenticated" time="0.432" /><testcase classname="tests.test_ravi.TestAuth" name="test_forgot_password_existing" time="0.175" /><testcase classname="tests.test_ravi.TestAuth" name="test_forgot_password_unknown" time="0.125" /><testcase classname="tests.test_ravi.TestAuth" name="test_logout" time="0.462" /><testcase classname="tests.test_ravi.TestDashboard" name="test_stats" time="0.084" /><testcase classname="tests.test_ravi.TestClients" name="test_list_clients_has_demo" time="0.075" /><testcase classname="tests.test_ravi.TestClients" name="test_create_edit_duplicate_client" time="0.688" /><testcase classname="tests.test_ravi.TestProcesses" name="test_create_with_cnj_parsing" time="0.148" /><testcase classname="tests.test_ravi.TestConversations" name="test_get_demo_conversation" time="0.345" /><testcase classname="tests.test_ravi.TestConversations" name="test_simulate_novelty_message_green" time="2.624" /><testcase classname="tests.test_ravi.TestConversations" name="test_simulate_escalation_red" time="0.216" /><testcase classname="tests.test_ravi.TestConversations" name="test_pause_and_resume_ravi" time="0.314" /><testcase classname="tests.test_ravi.TestAlerts" name="test_list_and_resolve_alert" time="0.178" /><testcase classname="tests.test_ravi.TestTeam" name="test_add_edit_toggle_member" time="0.596" /><testcase classname="tests.test_ravi.TestIsolation" name="test_second_office_cannot_see_silva_data" time="0.810" /><testcase classname="tests.test_ravi.TestWhatsApp" name="test_webhook_verify_correct_token" time="0.151" /><testcase classname="tests.test_ravi.TestWhatsApp" name="test_webhook_verify_wrong_token" time="0.148" /><testcase classname="tests.test_ravi.TestWhatsApp" name="test_status_shows_meta_connected" time="0.073"><skipped type="pytest.skip" message="Conexão WhatsApp de teste inativa — aguardando novo token Meta">/app/backend/tests/test_ravi.py:279: Conexão WhatsApp de teste inativa — aguardando novo token Meta</skipped></testcase><testcase classname="tests.test_waba_subscription.TestWabaSubscription" name="test_connection_has_expected_waba_and_phone" time="0.005"><skipped type="pytest.skip" message="Conexão WhatsApp de teste inativa — aguardando novo token Meta (limitação do token de 24h)">/app/backend/tests/test_waba_subscription.py:44: Conexão WhatsApp de teste inativa — aguardando novo token Meta (limitação do token de 24h)</skipped></testcase><testcase classname="tests.test_waba_subscription.TestWabaSubscription" name="test_subscribed_apps_lists_ravi_api" time="0.000"><skipped type="pytest.skip" message="Conexão WhatsApp de teste inativa — aguardando novo token Meta (limitação do token de 24h)">/app/backend/tests/test_waba_subscription.py:48: Conexão WhatsApp de teste inativa — aguardando novo token Meta (limitação do token de 24h)</skipped></testcase><testcase classname="tests.test_waba_subscription.TestBackendHealth" name="test_backend_reloaded_without_errors" time="0.012" /><testcase classname="tests.test_waba_subscription.TestBackendHealth" name="test_status_endpoint_returns_connected" time="0.434"><skipped type="pytest.skip" message="Conexão de teste inativa (disconnected) — aguardando novo token Meta">/app/backend/tests/test_waba_subscription.py:95: Conexão de teste inativa (disconnected) — aguardando novo token Meta</skipped></testcase><testcase classname="tests.test_webhook_meta.TestWebhookVerify" name="test_verify_correct_token_returns_challenge" time="0.122" /><testcase classname="tests.test_webhook_meta.TestWebhookVerify" name="test_verify_wrong_token_returns_403" time="0.135" /><testcase classname="tests.test_webhook_meta.TestWebhookVerify" name="test_verify_missing_params_returns_403" time="0.155" /><testcase classname="tests.test_webhook_meta.TestWebhookInbound" name="test_inbound_from_known_number_creates_conversation_and_ravi_reply" time="0.771"><skipped type="pytest.skip" message="Envio Meta falhou (token possivelmente expirado). Msg RAVI persistida mas delivered=False. Isso é limitação conhecida do token temporário 24h, não bug do pipeline.">/app/backend/tests/test_webhook_meta.py:130: Envio Meta falhou (token possivelmente expirado). Msg RAVI persistida mas delivered=False. Isso é limitação conhecida do token temporário 24h, não bug do pipeline.</skipped></testcase><testcase classname="tests.test_webhook_meta.TestWebhookInbound" name="test_inbound_idempotency_same_message_id" time="10.543" /><testcase classname="tests.test_webhook_meta.TestWebhookInbound" name="test_inbound_unknown_phone_number_id_ignored" time="2.296" /><testcase classname="tests.test_webhook_meta.TestWebhookLogging" name="test_logger_records_incoming_payload" time="1.201" /><testcase classname="tests.test_whatsapp_connect_flow.TestConnectStart" name="test_requires_auth" time="0.129" /><testcase classname="tests.test_whatsapp_connect_flow.TestConnectStart" name="test_meta_not_configured_returns_503" time="0.423" /><testcase classname="tests.test_whatsapp_connect_flow.TestConnectStart" name="test_invalid_phone_returns_400" time="0.069" /><testcase classname="tests.test_whatsapp_connect_flow.TestConnectCallback" name="test_missing_params_redirects_missing_params" time="0.124" /><testcase classname="tests.test_whatsapp_connect_flow.TestConnectCallback" name="test_nonexistent_state_redirects_invalid_state" time="0.175" /><testcase classname="tests.test_whatsapp_connect_flow.TestConnectCallback" name="test_expired_state_redirects_invalid_state" time="0.234" /><testcase classname="tests.test_whatsapp_connect_flow.TestConnectCallback" name="test_used_state_second_use_invalid" time="0.183" /><testcase classname="tests.test_whatsapp_connect_flow.TestConnectCallback" name="test_valid_state_fake_code_marks_used_and_connect_failed" time="0.478" /><testcase classname="tests.test_whatsapp_connect_flow.TestTestConnection" name="test_without_connection_returns_400" time="0.073" /><testcase classname="tests.test_whatsapp_connect_flow.TestTestConnection" name="test_with_expired_token_returns_friendly_400" time="0.001"><skipped type="pytest.skip" message="Sem conexão ativa — cenário não aplicável">/app/backend/tests/test_whatsapp_connect_flow.py:163: Sem conexão ativa — cenário não aplicável</skipped></testcase><testcase classname="tests.test_whatsapp_connect_flow.TestSecurity" name="test_status_does_not_expose_access_token" time="0.072" /><testcase classname="tests.test_whatsapp_connect_flow.TestSecurity" name="test_callback_signature_no_office_id_param" time="0.003" /><testcase classname="tests.test_whatsapp_connect_flow.TestDisconnectPreservesHistory" name="test_disconnect_keeps_clients_and_convs" time="0.078" /></testsuite></testsuites>