<?xml version="1.0" encoding="utf-8"?><testsuites name="pytest tests"><testsuite name="pytest" errors="0" failures="2" skipped="4" tests="128" time="122.179" timestamp="2026-09-14T21:31:13.739862+00:00" hostname="agent-env-47edce2d-013f-46c9-ad65-3aca34ad6600"><testcase classname="tests.test_admin_platform.TestAdminAuth" name="test_login_bad_pw" time="0.408" /><testcase classname="tests.test_admin_platform.TestAdminAuth" name="test_admin_endpoints_require_auth" time="0.150" /><testcase classname="tests.test_admin_platform.TestAdminAuth" name="test_app_cookie_does_not_authorize_admin" time="0.504" /><testcase classname="tests.test_admin_platform.TestAdminAuth" name="test_admin_cookie_does_not_authorize_app" time="0.481" /><testcase classname="tests.test_admin_platform.TestAdminAuth" name="test_admin_me" time="0.081" /><testcase classname="tests.test_admin_platform.TestDashboard" name="test_kpis" time="0.087" /><testcase classname="tests.test_admin_platform.TestOffices" name="test_list" time="0.184" /><testcase classname="tests.test_admin_platform.TestOffices" name="test_suspend_blocks_tenant_and_reactivate" time="1.416" /><testcase classname="tests.test_admin_platform.TestOffices" name="test_plan_change_direction" time="0.268" /><testcase classname="tests.test_admin_platform.TestImpersonation" name="test_impersonate_requires_motivo" time="0.089" /><testcase classname="tests.test_admin_platform.TestImpersonation" name="test_impersonate_flow" time="0.341" /><testcase classname="tests.test_admin_platform.TestPlans" name="test_seeded_four_plans" time="0.094" /><testcase classname="tests.test_admin_platform.TestPlans" name="test_plan_crud" time="0.171" /><testcase classname="tests.test_admin_platform.TestBilling" name="test_charge_lifecycle" time="0.511" /><testcase classname="tests.test_admin_platform.TestBilling" name="test_overview_has_aging" time="0.087" /><testcase classname="tests.test_admin_platform.TestSecrets" name="test_write_only" time="0.330" /><testcase classname="tests.test_admin_platform.TestSecrets" name="test_health" time="0.086" /><testcase classname="tests.test_admin_platform.TestTickets" name="test_office_creates_ticket_admin_manages" time="0.292" /><testcase classname="tests.test_admin_platform.TestAIConfig" name="test_rules_persist" time="0.202" /><testcase classname="tests.test_admin_platform.TestOverage" name="test_overage_alert_and_hard_block" time="2.340" /><testcase classname="tests.test_audio_webhook.TestAudioWebhook" name="test_audio_with_fake_media_id_returns_200_no_message_created" time="3.889" /><testcase classname="tests.test_audio_webhook.TestAudioWebhook" name="test_unsupported_types_are_ignored[image-body0]" time="1.561" /><testcase classname="tests.test_audio_webhook.TestAudioWebhook" name="test_unsupported_types_are_ignored[video-body1]" time="1.523" /><testcase classname="tests.test_audio_webhook.TestAudioWebhook" name="test_unsupported_types_are_ignored[document-body2]" time="1.483" /><testcase classname="tests.test_audio_webhook.TestAudioWebhook" name="test_unsupported_types_are_ignored[sticker-body3]" time="1.545" /><testcase classname="tests.test_audio_webhook.TestAudioWebhook" name="test_text_regression_creates_text_message_and_ravi_reply" time="26.516"><failure message="AssertionError: Msg text do cliente não persistida&#10;assert False">tests/test_audio_webhook.py:132: in test_text_regression_creates_text_message_and_ravi_reply
    assert found_client, "Msg text do cliente não persistida"
E   AssertionError: Msg text do cliente não persistida
E   assert False</failure></testcase><testcase classname="tests.test_audio_webhook.TestAiModuleIntegrity" name="test_classify_and_transcribe_importable" time="0.011" /><testcase classname="tests.test_new_features.TestInlineClient" name="test_process_creates_new_client_inline" time="0.694" /><testcase classname="tests.test_new_features.TestInlineClient" name="test_process_reuses_existing_client_by_phone" time="0.242" /><testcase classname="tests.test_new_features.TestDocuments" name="test_upload_pdf_and_download" time="0.870" /><testcase classname="tests.test_new_features.TestDocuments" name="test_reject_non_pdf" time="0.175" /><testcase classname="tests.test_new_features.TestDocuments" name="test_reject_large_pdf" time="0.719" /><testcase classname="tests.test_new_features.TestDocuments" name="test_tenant_isolation_document" time="1.041" /><testcase classname="tests.test_new_features.TestCobrancas" name="test_patch_creates_and_merges_preserving_flags" time="0.336" /><testcase classname="tests.test_new_features.TestCron" name="test_unauthorized_without_bearer" time="0.171" /><testcase classname="tests.test_new_features.TestCron" name="test_wrong_secret" time="0.195" /><testcase classname="tests.test_new_features.TestCron" name="test_ok_and_idempotent" time="0.279" /><testcase classname="tests.test_new_features.TestCronDispatch" name="test_reminder_today_marks_flag" time="3.370" /><testcase classname="tests.test_new_features.TestCronDispatch" name="test_reminder_skips_when_no_client" time="2.339" /><testcase classname="tests.test_new_features.TestCronsYml" name="test_crons_yml_exists" time="0.002" /><testcase classname="tests.test_phase2.TestClientesPhase2" name="test_create_with_cpf_and_notes" time="0.636" /><testcase classname="tests.test_phase2.TestClientesPhase2" name="test_archive_hides_and_toggle_reveals" time="0.489" /><testcase classname="tests.test_phase2.TestClientesPhase2" name="test_client_detail_with_processes_and_conversations" time="0.167" /><testcase classname="tests.test_phase2.TestClientesPhase2" name="test_client_detail_tenant_isolation" time="0.634" /><testcase classname="tests.test_phase2.TestImportPdfNormal" name="test_fixture_exists" time="0.000" /><testcase classname="tests.test_phase2.TestImportPdfNormal" name="test_import_extracts_cnj_and_tribunal" time="8.615" /><testcase classname="tests.test_phase2.TestImportPdfNormal" name="test_import_partes_typed" time="0.000" /><testcase classname="tests.test_phase2.TestImportPdfNormal" name="test_import_movimentacoes_and_last_movement" time="0.000" /><testcase classname="tests.test_phase2.TestImportPdfNormal" name="test_import_nao_identificados_empty_for_normal" time="0.000" /><testcase classname="tests.test_phase2.TestImportPdfNormal" name="test_import_document_stored_with_office" time="0.087" /><testcase classname="tests.test_phase2.TestImportPdfNormal" name="test_import_isolation_other_office_404" time="0.178" /><testcase classname="tests.test_phase2.TestImportPdfRestrito" name="test_fixture_exists" time="0.000" /><testcase classname="tests.test_phase2.TestImportPdfRestrito" name="test_restricted_flag_and_no_partes" time="5.593" /><testcase classname="tests.test_phase2.TestImportPdfInvalid" name="test_reject_non_pdf" time="0.095" /><testcase classname="tests.test_phase2.TestImportPdfInvalid" name="test_reject_pdf_no_text" time="0.084" /><testcase classname="tests.test_phase3.TestStateMachine" name="test_green_message_keeps_ai_handling" time="6.172" /><testcase classname="tests.test_phase3.TestStateMachine" name="test_explicit_human_request_goes_red" time="0.380" /><testcase classname="tests.test_phase3.TestStateMachine" name="test_acordo_message_goes_red" time="0.178" /><testcase classname="tests.test_phase3.TestConversationActions" name="test_pause_creates_system_message_and_blocks_ai" time="0.358" /><testcase classname="tests.test_phase3.TestConversationActions" name="test_takeover_records_user_name" time="0.171" /><testcase classname="tests.test_phase3.TestConversationActions" name="test_resume_returns_to_ai_handling" time="0.182" /><testcase classname="tests.test_phase3.TestConversationActions" name="test_resolve_closes_conversation_and_alerts" time="0.541" /><testcase classname="tests.test_phase3.TestIsolation" name="test_other_office_cannot_act_on_conversation" time="0.758" /><testcase classname="tests.test_phase3.TestIsolation" name="test_other_office_cannot_get_conversation" time="0.105" /><testcase classname="tests.test_phase4_encryption.TestEncryptionUnit" name="test_encrypt_produces_fernet_token" time="0.037" /><testcase classname="tests.test_phase4_encryption.TestEncryptionUnit" name="test_decrypt_roundtrip" time="0.000" /><testcase classname="tests.test_phase4_encryption.TestEncryptionUnit" name="test_legacy_plaintext_fallback" time="0.000" /><testcase classname="tests.test_phase4_encryption.TestEncryptionUnit" name="test_empty_token_returns_empty" time="0.000" /><testcase classname="tests.test_phase4_encryption.TestEncryptionUnit" name="test_corrupted_ciphertext_returns_empty" time="0.000" /><testcase classname="tests.test_phase4_encryption.TestEncryptionUnit" name="test_key_derived_from_jwt_secret" time="0.000" /><testcase classname="tests.test_phase4_encryption.TestNoTokenLeak" name="test_whatsapp_status_hides_token" time="0.542" /><testcase classname="tests.test_phase4_encryption.TestNoTokenLeak" name="test_admin_meta_status_hides_token" time="0.500" /><testcase classname="tests.test_phase4_encryption.TestNoTokenLeak" name="test_conversations_do_not_leak_token" time="0.154" /><testcase classname="tests.test_phase4_encryption.TestWebhookVerify" name="test_verify_success" time="0.213" /><testcase classname="tests.test_phase4_encryption.TestWebhookVerify" name="test_verify_wrong_token" time="1.069" /><testcase classname="tests.test_phase4_encryption.TestWebhookVerify" name="test_verify_missing_params" time="0.154" /><testcase classname="tests.test_phase4_encryption.TestWebhookPOST" name="test_webhook_unknown_phone_number_id_ok_no_side_effect" time="0.132" /><testcase classname="tests.test_phase4_encryption.TestWebhookPOST" name="test_webhook_text_message_processed" time="3.508" /><testcase classname="tests.test_phase4_encryption.TestWebhookPOST" name="test_webhook_idempotency" time="2.304" /><testcase classname="tests.test_phase4_encryption.TestNewContactUnidentified" name="test_new_contact_creates_unidentified_conversation" time="4.155" /><testcase classname="tests.test_phase4_encryption.TestAdminHealth" name="test_health_check_returns_all_sections" time="0.097" /><testcase classname="tests.test_phase4_encryption.TestAdminHealth" name="test_health_does_not_leak_token" time="0.089" /><testcase classname="tests.test_phase4_encryption.TestMultiTenantRouting" name="test_webhook_unknown_pnid_creates_nothing" time="2.375" /><testcase classname="tests.test_ravi.TestAuth" name="test_login_success" time="0.356" /><testcase classname="tests.test_ravi.TestAuth" name="test_login_wrong_password" time="0.364" /><testcase classname="tests.test_ravi.TestAuth" name="test_me_requires_auth" time="0.142" /><testcase classname="tests.test_ravi.TestAuth" name="test_me_authenticated" time="0.470" /><testcase classname="tests.test_ravi.TestAuth" name="test_forgot_password_existing" time="0.155" /><testcase classname="tests.test_ravi.TestAuth" name="test_forgot_password_unknown" time="0.142" /><testcase classname="tests.test_ravi.TestAuth" name="test_logout" time="0.473" /><testcase classname="tests.test_ravi.TestDashboard" name="test_stats" time="0.086" /><testcase classname="tests.test_ravi.TestClients" name="test_list_clients_has_demo" time="0.104" /><testcase classname="tests.test_ravi.TestClients" name="test_create_edit_duplicate_client" time="0.693" /><testcase classname="tests.test_ravi.TestProcesses" name="test_create_with_cnj_parsing" time="0.179" /><testcase classname="tests.test_ravi.TestConversations" name="test_get_demo_conversation" time="0.371" /><testcase classname="tests.test_ravi.TestConversations" name="test_simulate_novelty_message_green" time="1.992" /><testcase classname="tests.test_ravi.TestConversations" name="test_simulate_escalation_red" time="0.249" /><testcase classname="tests.test_ravi.TestConversations" name="test_pause_and_resume_ravi" time="0.328" /><testcase classname="tests.test_ravi.TestAlerts" name="test_list_and_resolve_alert" time="0.167" /><testcase classname="tests.test_ravi.TestTeam" name="test_add_edit_toggle_member" time="0.564" /><testcase classname="tests.test_ravi.TestIsolation" name="test_second_office_cannot_see_silva_data" time="0.652" /><testcase classname="tests.test_ravi.TestWhatsApp" name="test_webhook_verify_correct_token" time="0.151" /><testcase classname="tests.test_ravi.TestWhatsApp" name="test_webhook_verify_wrong_token" time="0.158" /><testcase classname="tests.test_ravi.TestWhatsApp" name="test_status_shows_meta_connected" time="0.081" /><testcase classname="tests.test_waba_subscription.TestWabaSubscription" name="test_connection_has_expected_waba_and_phone" time="0.003"><skipped type="pytest.skip" message="Conexão WhatsApp de teste inativa — aguardando novo token Meta (limitação do token de 24h)">/app/backend/tests/test_waba_subscription.py:44: Conexão WhatsApp de teste inativa — aguardando novo token Meta (limitação do token de 24h)</skipped></testcase><testcase classname="tests.test_waba_subscription.TestWabaSubscription" name="test_subscribed_apps_lists_ravi_api" time="0.000"><skipped type="pytest.skip" message="Conexão WhatsApp de teste inativa — aguardando novo token Meta (limitação do token de 24h)">/app/backend/tests/test_waba_subscription.py:48: Conexão WhatsApp de teste inativa — aguardando novo token Meta (limitação do token de 24h)</skipped></testcase><testcase classname="tests.test_waba_subscription.TestBackendHealth" name="test_backend_reloaded_without_errors" time="0.015" /><testcase classname="tests.test_waba_subscription.TestBackendHealth" name="test_status_endpoint_returns_connected" time="0.440" /><testcase classname="tests.test_webhook_meta.TestWebhookVerify" name="test_verify_correct_token_returns_challenge" time="0.149" /><testcase classname="tests.test_webhook_meta.TestWebhookVerify" name="test_verify_wrong_token_returns_403" time="0.163" /><testcase classname="tests.test_webhook_meta.TestWebhookVerify" name="test_verify_missing_params_returns_403" time="0.179" /><testcase classname="tests.test_webhook_meta.TestWebhookInbound" name="test_inbound_from_known_number_creates_conversation_and_ravi_reply" time="0.707"><skipped type="pytest.skip" message="Envio Meta falhou (token possivelmente expirado). Msg RAVI persistida mas delivered=False. Isso é limitação conhecida do token temporário 24h, não bug do pipeline.">/app/backend/tests/test_webhook_meta.py:130: Envio Meta falhou (token possivelmente expirado). Msg RAVI persistida mas delivered=False. Isso é limitação conhecida do token temporário 24h, não bug do pipeline.</skipped></testcase><testcase classname="tests.test_webhook_meta.TestWebhookInbound" name="test_inbound_idempotency_same_message_id" time="10.606" /><testcase classname="tests.test_webhook_meta.TestWebhookInbound" name="test_inbound_unknown_phone_number_id_ignored" time="2.331" /><testcase classname="tests.test_webhook_meta.TestWebhookLogging" name="test_logger_records_incoming_payload" time="1.204" /><testcase classname="tests.test_whatsapp_connect_flow.TestConnectStart" name="test_requires_auth" time="0.123" /><testcase classname="tests.test_whatsapp_connect_flow.TestConnectStart" name="test_meta_not_configured_returns_503" time="0.431" /><testcase classname="tests.test_whatsapp_connect_flow.TestConnectStart" name="test_invalid_phone_returns_400" time="0.086" /><testcase classname="tests.test_whatsapp_connect_flow.TestConnectCallback" name="test_missing_params_redirects_missing_params" time="0.129" /><testcase classname="tests.test_whatsapp_connect_flow.TestConnectCallback" name="test_nonexistent_state_redirects_invalid_state" time="0.126" /><testcase classname="tests.test_whatsapp_connect_flow.TestConnectCallback" name="test_expired_state_redirects_invalid_state" time="0.333" /><testcase classname="tests.test_whatsapp_connect_flow.TestConnectCallback" name="test_used_state_second_use_invalid" time="0.161" /><testcase classname="tests.test_whatsapp_connect_flow.TestConnectCallback" name="test_valid_state_fake_code_marks_used_and_connect_failed" time="0.451" /><testcase classname="tests.test_whatsapp_connect_flow.TestTestConnection" name="test_without_connection_returns_400" time="0.093" /><testcase classname="tests.test_whatsapp_connect_flow.TestTestConnection" name="test_with_expired_token_returns_friendly_400" time="0.001"><skipped type="pytest.skip" message="Sem conexão ativa — cenário não aplicável">/app/backend/tests/test_whatsapp_connect_flow.py:163: Sem conexão ativa — cenário não aplicável</skipped></testcase><testcase classname="tests.test_whatsapp_connect_flow.TestSecurity" name="test_status_does_not_expose_access_token" time="0.092" /><testcase classname="tests.test_whatsapp_connect_flow.TestSecurity" name="test_callback_signature_no_office_id_param" time="0.003" /><testcase classname="tests.test_whatsapp_connect_flow.TestDisconnectPreservesHistory" name="test_disconnect_keeps_clients_and_convs" time="0.097"><failure message="AssertionError: assert 363 == 362&#10; +  where 363 = len([{'_id': ObjectId('6aa0aa8f94356be133d388c7'), 'id': '81e1c8397ce84a15bf97900ba5fa866a', 'office_id': '00a208d08ad74a0...03', 'office_id': '00a208d08ad74a0cb49f893f42a50705', 'conversation_id': '56be651ec06542d8ae8006f4834be067', ...}, ...])&#10; +    where [{'_id': ObjectId('6aa0aa8f94356be133d388c7'), 'id': '81e1c8397ce84a15bf97900ba5fa866a', 'office_id': '00a208d08ad74a0...03', 'office_id': '00a208d08ad74a0cb49f893f42a50705', 'conversation_id': '56be651ec06542d8ae8006f4834be067', ...}, ...] = list(&lt;pymongo.cursor.Cursor object at 0xfcdcf6e88590&gt;)&#10; +      where &lt;pymongo.cursor.Cursor object at 0xfcdcf6e88590&gt; = find({'office_id': '00a208d08ad74a0cb49f893f42a50705'})&#10; +        where find = Collection(Database(MongoClient(host=['localhost:27017'], document_class=dict, tz_aware=False, connect=True), 'test_database'), 'messages').find&#10; +          where Collection(Database(MongoClient(host=['localhost:27017'], document_class=dict, tz_aware=False, connect=True), 'test_database'), 'messages') = Database(MongoClient(host=['localhost:27017'], document_class=dict, tz_aware=False, connect=True), 'test_database').messages">tests/test_whatsapp_connect_flow.py:219: in test_disconnect_keeps_clients_and_convs
    assert len(list(mongo.messages.find({"office_id": office_id}))) == msgs_before
E   AssertionError: assert 363 == 362
E    +  where 363 = len([{'_id': ObjectId('6aa0aa8f94356be133d388c7'), 'id': '81e1c8397ce84a15bf97900ba5fa866a', 'office_id': '00a208d08ad74a0...03', 'office_id': '00a208d08ad74a0cb49f893f42a50705', 'conversation_id': '56be651ec06542d8ae8006f4834be067', ...}, ...])
E    +    where [{'_id': ObjectId('6aa0aa8f94356be133d388c7'), 'id': '81e1c8397ce84a15bf97900ba5fa866a', 'office_id': '00a208d08ad74a0...03', 'office_id': '00a208d08ad74a0cb49f893f42a50705', 'conversation_id': '56be651ec06542d8ae8006f4834be067', ...}, ...] = list(&lt;pymongo.cursor.Cursor object at 0xfcdcf6e88590&gt;)
E    +      where &lt;pymongo.cursor.Cursor object at 0xfcdcf6e88590&gt; = find({'office_id': '00a208d08ad74a0cb49f893f42a50705'})
E    +        where find = Collection(Database(MongoClient(host=['localhost:27017'], document_class=dict, tz_aware=False, connect=True), 'test_database'), 'messages').find
E    +          where Collection(Database(MongoClient(host=['localhost:27017'], document_class=dict, tz_aware=False, connect=True), 'test_database'), 'messages') = Database(MongoClient(host=['localhost:27017'], document_class=dict, tz_aware=False, connect=True), 'test_database').messages</failure></testcase></testsuite></testsuites>