<?xml version="1.0" encoding="utf-8"?><testsuites name="pytest tests"><testsuite name="pytest" errors="0" failures="0" skipped="0" tests="11" time="23.097" timestamp="2026-09-09T02:10:02.921243+00:00" hostname="agent-env-47edce2d-013f-46c9-ad65-3aca34ad6600"><testcase classname="tests.test_webhook_meta.TestWebhookVerify" name="test_verify_correct_token_returns_challenge" time="0.464" /><testcase classname="tests.test_webhook_meta.TestWebhookInbound" name="test_inbound_from_known_number_creates_conversation_and_ravi_reply" time="6.875" /><testcase classname="tests.test_webhook_meta.TestWebhookVerify" name="test_verify_wrong_token_returns_403" time="0.180" /><testcase classname="tests.test_webhook_meta.TestWebhookVerify" name="test_verify_missing_params_returns_403" time="1.441" /><testcase classname="tests.test_waba_subscription.TestWabaSubscription" name="test_connection_has_expected_waba_and_phone" time="0.031" /><testcase classname="tests.test_waba_subscription.TestWabaSubscription" name="test_subscribed_apps_lists_ravi_api" time="0.363" /><testcase classname="tests.test_waba_subscription.TestBackendHealth" name="test_backend_reloaded_without_errors" time="0.015" /><testcase classname="tests.test_waba_subscription.TestBackendHealth" name="test_status_endpoint_returns_connected" time="0.487" /><testcase classname="tests.test_webhook_meta.TestWebhookLogging" name="test_logger_records_incoming_payload" time="3.626" /><testcase classname="tests.test_webhook_meta.TestWebhookInbound" name="test_inbound_idempotency_same_message_id" time="13.176" /><testcase classname="tests.test_webhook_meta.TestWebhookInbound" name="test_inbound_unknown_phone_number_id_ignored" time="2.318" /></testsuite></testsuites>