<?xml version="1.0" encoding="utf-8"?><testsuites name="pytest tests"><testsuite name="pytest" errors="0" failures="0" skipped="0" tests="7" time="14.618" timestamp="2026-09-09T03:25:22.587084+00:00" hostname="agent-env-47edce2d-013f-46c9-ad65-3aca34ad6600"><testcase classname="tests.test_audio_webhook.TestAudioWebhook" name="test_audio_with_fake_media_id_returns_200_no_message_created" time="4.232" /><testcase classname="tests.test_audio_webhook.TestAudioWebhook" name="test_unsupported_types_are_ignored[image-body0]" time="1.439" /><testcase classname="tests.test_audio_webhook.TestAudioWebhook" name="test_unsupported_types_are_ignored[video-body1]" time="1.456" /><testcase classname="tests.test_audio_webhook.TestAudioWebhook" name="test_unsupported_types_are_ignored[document-body2]" time="1.452" /><testcase classname="tests.test_audio_webhook.TestAudioWebhook" name="test_unsupported_types_are_ignored[sticker-body3]" time="1.460" /><testcase classname="tests.test_audio_webhook.TestAudioWebhook" name="test_text_regression_creates_text_message_and_ravi_reply" time="4.515" /><testcase classname="tests.test_audio_webhook.TestAiModuleIntegrity" name="test_classify_and_transcribe_importable" time="0.001" /></testsuite></testsuites>