<?xml version="1.0" encoding="utf-8"?><testsuites name="pytest tests"><testsuite name="pytest" errors="0" failures="0" skipped="2" tests="65" time="56.140" timestamp="2026-09-09T12:49:59.354621+00:00" hostname="agent-env-47edce2d-013f-46c9-ad65-3aca34ad6600"><testcase classname="tests.test_audio_webhook.TestAudioWebhook" name="test_audio_with_fake_media_id_returns_200_no_message_created" time="3.960" /><testcase classname="tests.test_audio_webhook.TestAudioWebhook" name="test_unsupported_types_are_ignored[image-body0]" time="1.515" /><testcase classname="tests.test_audio_webhook.TestAudioWebhook" name="test_unsupported_types_are_ignored[video-body1]" time="1.580" /><testcase classname="tests.test_audio_webhook.TestAudioWebhook" name="test_unsupported_types_are_ignored[document-body2]" time="1.517" /><testcase classname="tests.test_audio_webhook.TestAudioWebhook" name="test_unsupported_types_are_ignored[sticker-body3]" time="1.512" /><testcase classname="tests.test_audio_webhook.TestAudioWebhook" name="test_text_regression_creates_text_message_and_ravi_reply" time="6.755" /><testcase classname="tests.test_audio_webhook.TestAiModuleIntegrity" name="test_classify_and_transcribe_importable" time="0.002" /><testcase classname="tests.test_new_features.TestInlineClient" name="test_process_creates_new_client_inline" time="0.703" /><testcase classname="tests.test_new_features.TestInlineClient" name="test_process_reuses_existing_client_by_phone" time="0.271" /><testcase classname="tests.test_new_features.TestDocuments" name="test_upload_pdf_and_download" time="1.056" /><testcase classname="tests.test_new_features.TestDocuments" name="test_reject_non_pdf" time="0.172" /><testcase classname="tests.test_new_features.TestDocuments" name="test_reject_large_pdf" time="0.764" /><testcase classname="tests.test_new_features.TestDocuments" name="test_tenant_isolation_document" time="1.031" /><testcase classname="tests.test_new_features.TestCobrancas" name="test_patch_creates_and_merges_preserving_flags" time="0.387" /><testcase classname="tests.test_new_features.TestCron" name="test_unauthorized_without_bearer" time="0.200" /><testcase classname="tests.test_new_features.TestCron" name="test_wrong_secret" time="0.151" /><testcase classname="tests.test_new_features.TestCron" name="test_ok_and_idempotent" time="0.297" /><testcase classname="tests.test_new_features.TestCronDispatch" name="test_reminder_today_marks_flag" time="3.543" /><testcase classname="tests.test_new_features.TestCronDispatch" name="test_reminder_skips_when_no_client" time="2.325" /><testcase classname="tests.test_new_features.TestCronsYml" name="test_crons_yml_exists" time="0.002" /><testcase classname="tests.test_ravi.TestAuth" name="test_login_success" time="0.418" /><testcase classname="tests.test_ravi.TestAuth" name="test_login_wrong_password" time="0.357" /><testcase classname="tests.test_ravi.TestAuth" name="test_me_requires_auth" time="0.156" /><testcase classname="tests.test_ravi.TestAuth" name="test_me_authenticated" time="0.443" /><testcase classname="tests.test_ravi.TestAuth" name="test_forgot_password_existing" time="0.151" /><testcase classname="tests.test_ravi.TestAuth" name="test_forgot_password_unknown" time="0.171" /><testcase classname="tests.test_ravi.TestAuth" name="test_logout" time="0.421" /><testcase classname="tests.test_ravi.TestDashboard" name="test_stats" time="0.080" /><testcase classname="tests.test_ravi.TestClients" name="test_list_clients_has_demo" time="0.079" /><testcase classname="tests.test_ravi.TestClients" name="test_create_edit_duplicate_client" time="0.607" /><testcase classname="tests.test_ravi.TestProcesses" name="test_create_with_cnj_parsing" time="0.157" /><testcase classname="tests.test_ravi.TestConversations" name="test_get_demo_conversation" time="0.371" /><testcase classname="tests.test_ravi.TestConversations" name="test_simulate_novelty_message_green" time="3.072" /><testcase classname="tests.test_ravi.TestConversations" name="test_simulate_escalation_red" time="0.401" /><testcase classname="tests.test_ravi.TestConversations" name="test_pause_and_resume_ravi" time="0.329" /><testcase classname="tests.test_ravi.TestAlerts" name="test_list_and_resolve_alert" time="0.154" /><testcase classname="tests.test_ravi.TestTeam" name="test_add_edit_toggle_member" time="0.610" /><testcase classname="tests.test_ravi.TestIsolation" name="test_second_office_cannot_see_silva_data" time="0.716" /><testcase classname="tests.test_ravi.TestWhatsApp" name="test_webhook_verify_correct_token" time="0.152" /><testcase classname="tests.test_ravi.TestWhatsApp" name="test_webhook_verify_wrong_token" time="0.153" /><testcase classname="tests.test_ravi.TestWhatsApp" name="test_status_shows_meta_connected" time="0.077" /><testcase classname="tests.test_waba_subscription.TestWabaSubscription" name="test_connection_has_expected_waba_and_phone" time="0.005" /><testcase classname="tests.test_waba_subscription.TestWabaSubscription" name="test_subscribed_apps_lists_ravi_api" time="0.103"><skipped type="pytest.skip" message="Token de teste da Meta expirado/inválido (401) — limitação conhecida do token de 24h">/app/backend/tests/test_waba_subscription.py:58: Token de teste da Meta expirado/inválido (401) — limitação conhecida do token de 24h</skipped></testcase><testcase classname="tests.test_waba_subscription.TestBackendHealth" name="test_backend_reloaded_without_errors" time="0.020" /><testcase classname="tests.test_waba_subscription.TestBackendHealth" name="test_status_endpoint_returns_connected" time="0.454" /><testcase classname="tests.test_webhook_meta.TestWebhookVerify" name="test_verify_correct_token_returns_challenge" time="0.142" /><testcase classname="tests.test_webhook_meta.TestWebhookVerify" name="test_verify_wrong_token_returns_403" time="0.149" /><testcase classname="tests.test_webhook_meta.TestWebhookVerify" name="test_verify_missing_params_returns_403" time="0.128" /><testcase classname="tests.test_webhook_meta.TestWebhookInbound" name="test_inbound_from_known_number_creates_conversation_and_ravi_reply" time="0.707"><skipped type="pytest.skip" message="Envio Meta falhou (token possivelmente expirado). Msg RAVI persistida mas delivered=False. Isso é limitação conhecida do token temporário 24h, não bug do pipeline.">/app/backend/tests/test_webhook_meta.py:130: Envio Meta falhou (token possivelmente expirado). Msg RAVI persistida mas delivered=False. Isso é limitação conhecida do token temporário 24h, não bug do pipeline.</skipped></testcase><testcase classname="tests.test_webhook_meta.TestWebhookInbound" name="test_inbound_idempotency_same_message_id" time="10.541" /><testcase classname="tests.test_webhook_meta.TestWebhookInbound" name="test_inbound_unknown_phone_number_id_ignored" time="2.313" /><testcase classname="tests.test_webhook_meta.TestWebhookLogging" name="test_logger_records_incoming_payload" time="1.188" /><testcase classname="tests.test_whatsapp_connect_flow.TestConnectStart" name="test_requires_auth" time="0.124" /><testcase classname="tests.test_whatsapp_connect_flow.TestConnectStart" name="test_meta_not_configured_returns_503" time="0.442" /><testcase classname="tests.test_whatsapp_connect_flow.TestConnectStart" name="test_invalid_phone_returns_400" time="0.073" /><testcase classname="tests.test_whatsapp_connect_flow.TestConnectCallback" name="test_missing_params_redirects_missing_params" time="0.201" /><testcase classname="tests.test_whatsapp_connect_flow.TestConnectCallback" name="test_nonexistent_state_redirects_invalid_state" time="0.158" /><testcase classname="tests.test_whatsapp_connect_flow.TestConnectCallback" name="test_expired_state_redirects_invalid_state" time="0.204" /><testcase classname="tests.test_whatsapp_connect_flow.TestConnectCallback" name="test_used_state_second_use_invalid" time="0.160" /><testcase classname="tests.test_whatsapp_connect_flow.TestConnectCallback" name="test_valid_state_fake_code_marks_used_and_connect_failed" time="0.485" /><testcase classname="tests.test_whatsapp_connect_flow.TestTestConnection" name="test_without_connection_returns_400" time="0.074" /><testcase classname="tests.test_whatsapp_connect_flow.TestTestConnection" name="test_with_expired_token_returns_friendly_400" time="0.267" /><testcase classname="tests.test_whatsapp_connect_flow.TestSecurity" name="test_status_does_not_expose_access_token" time="0.072" /><testcase classname="tests.test_whatsapp_connect_flow.TestSecurity" name="test_callback_signature_no_office_id_param" time="0.003" /><testcase classname="tests.test_whatsapp_connect_flow.TestDisconnectPreservesHistory" name="test_disconnect_keeps_clients_and_convs" time="0.084" /></testsuite></testsuites>