<?xml version="1.0" encoding="utf-8"?><testsuites name="pytest tests"><testsuite name="pytest" errors="0" failures="1" skipped="0" tests="20" time="6.628" timestamp="2026-09-10T22:05:17.636466+00:00" hostname="agent-env-47edce2d-013f-46c9-ad65-3aca34ad6600"><testcase classname="tests.test_admin_platform.TestAdminAuth" name="test_login_bad_pw" time="0.570" /><testcase classname="tests.test_admin_platform.TestAdminAuth" name="test_admin_endpoints_require_auth" time="0.197" /><testcase classname="tests.test_admin_platform.TestAdminAuth" name="test_app_cookie_does_not_authorize_admin" time="0.520" /><testcase classname="tests.test_admin_platform.TestAdminAuth" name="test_admin_cookie_does_not_authorize_app" time="0.474" /><testcase classname="tests.test_admin_platform.TestAdminAuth" name="test_admin_me" time="0.086" /><testcase classname="tests.test_admin_platform.TestDashboard" name="test_kpis" time="0.090" /><testcase classname="tests.test_admin_platform.TestOffices" name="test_list" time="0.113" /><testcase classname="tests.test_admin_platform.TestOffices" name="test_suspend_blocks_tenant_and_reactivate" time="1.502" /><testcase classname="tests.test_admin_platform.TestOffices" name="test_plan_change_direction" time="0.253" /><testcase classname="tests.test_admin_platform.TestImpersonation" name="test_impersonate_requires_motivo" time="0.084" /><testcase classname="tests.test_admin_platform.TestImpersonation" name="test_impersonate_flow" time="0.425" /><testcase classname="tests.test_admin_platform.TestPlans" name="test_seeded_four_plans" time="0.087" /><testcase classname="tests.test_admin_platform.TestPlans" name="test_plan_crud" time="0.175" /><testcase classname="tests.test_admin_platform.TestBilling" name="test_charge_lifecycle" time="0.533" /><testcase classname="tests.test_admin_platform.TestBilling" name="test_overview_has_aging" time="0.086" /><testcase classname="tests.test_admin_platform.TestSecrets" name="test_write_only" time="0.297" /><testcase classname="tests.test_admin_platform.TestSecrets" name="test_health" time="0.334" /><testcase classname="tests.test_admin_platform.TestTickets" name="test_office_creates_ticket_admin_manages" time="0.246" /><testcase classname="tests.test_admin_platform.TestAIConfig" name="test_rules_persist" time="0.175" /><testcase classname="tests.test_admin_platform.TestOverage" name="test_overage_alert_and_hard_block" time="0.300"><failure message="Failed: unexpected status 422: {&quot;detail&quot;:[{&quot;type&quot;:&quot;missing&quot;,&quot;loc&quot;:[&quot;body&quot;,&quot;number&quot;],&quot;msg&quot;:&quot;Field required&quot;,&quot;input&quot;:{&quot;cnj&quot;:&quot;TEST-855025ec&quot;,&quot;client_id&quot;:&quot;ea351b797f3f490d802bbf5ffd6a2318&quot;,&quot;tribunal&quot;:&quot;TJSP&quot;,&quot;status&quot;:&quot;Em andamento&quot;,&quot;titulo&quot;:&quot;TEST Proc 0&quot;},&quot;url&quot;:&quot;https://errors.pydantic.dev/2.13/v/missing&quot;}]}">tests/test_admin_platform.py:351: in test_overage_alert_and_hard_block
    pytest.fail(f"unexpected status {r.status_code}: {r.text}")
E   Failed: unexpected status 422: {"detail":[{"type":"missing","loc":["body","number"],"msg":"Field required","input":{"cnj":"TEST-855025ec","client_id":"ea351b797f3f490d802bbf5ffd6a2318","tribunal":"TJSP","status":"Em andamento","titulo":"TEST Proc 0"},"url":"https://errors.pydantic.dev/2.13/v/missing"}]}</failure></testcase></testsuite></testsuites>