<?xml version="1.0" encoding="utf-8"?><testsuites name="pytest tests"><testsuite name="pytest" errors="0" failures="0" skipped="0" tests="32" time="28.857" timestamp="2026-09-09T02:51:56.764008+00:00" hostname="agent-env-47edce2d-013f-46c9-ad65-3aca34ad6600"><testcase classname="tests.test_ravi.TestAuth" name="test_login_success" time="0.611" /><testcase classname="tests.test_ravi.TestAuth" name="test_login_wrong_password" time="0.420" /><testcase classname="tests.test_ravi.TestConversations" name="test_get_demo_conversation" time="0.989" /><testcase classname="tests.test_ravi.TestConversations" name="test_simulate_novelty_message_green" time="6.762" /><testcase classname="tests.test_ravi.TestAuth" name="test_me_requires_auth" time="3.107" /><testcase classname="tests.test_ravi.TestAuth" name="test_me_authenticated" time="0.409" /><testcase classname="tests.test_ravi.TestAuth" name="test_forgot_password_existing" time="0.154" /><testcase classname="tests.test_ravi.TestAuth" name="test_forgot_password_unknown" time="0.147" /><testcase classname="tests.test_ravi.TestAuth" name="test_logout" time="0.473" /><testcase classname="tests.test_ravi.TestWhatsApp" name="test_webhook_verify_correct_token" time="0.177" /><testcase classname="tests.test_ravi.TestWhatsApp" name="test_webhook_verify_wrong_token" time="0.154" /><testcase classname="tests.test_ravi.TestWhatsApp" name="test_status_shows_meta_pending" time="0.062" /><testcase classname="tests.test_webhook_meta.TestWebhookVerify" name="test_verify_correct_token_returns_challenge" time="0.164" /><testcase classname="tests.test_webhook_meta.TestWebhookVerify" name="test_verify_wrong_token_returns_403" time="0.119" /><testcase classname="tests.test_webhook_meta.TestWebhookVerify" name="test_verify_missing_params_returns_403" time="0.159" /><testcase classname="tests.test_webhook_meta.TestWebhookInbound" name="test_inbound_from_known_number_creates_conversation_and_ravi_reply" time="3.968" /><testcase classname="tests.test_ravi.TestConversations" name="test_simulate_escalation_red" time="0.696" /><testcase classname="tests.test_ravi.TestConversations" name="test_pause_and_resume_ravi" time="0.286" /><testcase classname="tests.test_ravi.TestClients" name="test_list_clients_has_demo" time="0.075" /><testcase classname="tests.test_ravi.TestClients" name="test_create_edit_duplicate_client" time="0.555" /><testcase classname="tests.test_waba_subscription.TestWabaSubscription" name="test_connection_has_expected_waba_and_phone" time="0.027" /><testcase classname="tests.test_waba_subscription.TestWabaSubscription" name="test_subscribed_apps_lists_ravi_api" time="0.300" /><testcase classname="tests.test_waba_subscription.TestBackendHealth" name="test_backend_reloaded_without_errors" time="0.025" /><testcase classname="tests.test_waba_subscription.TestBackendHealth" name="test_status_endpoint_returns_connected" time="0.493" /><testcase classname="tests.test_webhook_meta.TestWebhookInbound" name="test_inbound_idempotency_same_message_id" time="15.308" /><testcase classname="tests.test_ravi.TestDashboard" name="test_stats" time="0.072" /><testcase classname="tests.test_ravi.TestProcesses" name="test_create_with_cnj_parsing" time="0.149" /><testcase classname="tests.test_ravi.TestTeam" name="test_add_edit_toggle_member" time="0.511" /><testcase classname="tests.test_ravi.TestIsolation" name="test_second_office_cannot_see_silva_data" time="0.727" /><testcase classname="tests.test_webhook_meta.TestWebhookLogging" name="test_logger_records_incoming_payload" time="3.471" /><testcase classname="tests.test_webhook_meta.TestWebhookInbound" name="test_inbound_unknown_phone_number_id_ignored" time="2.328" /><testcase classname="tests.test_ravi.TestAlerts" name="test_list_and_resolve_alert" time="0.328" /></testsuite></testsuites>