<?xml version="1.0" encoding="utf-8"?><testsuites name="pytest tests"><testsuite name="pytest" errors="0" failures="0" skipped="0" tests="13" time="2.243" timestamp="2026-09-09T12:49:49.120553+00:00" hostname="agent-env-47edce2d-013f-46c9-ad65-3aca34ad6600"><testcase classname="tests.test_whatsapp_connect_flow.TestConnectStart" name="test_requires_auth" time="0.217" /><testcase classname="tests.test_whatsapp_connect_flow.TestConnectCallback" name="test_missing_params_redirects_missing_params" time="0.154" /><testcase classname="tests.test_whatsapp_connect_flow.TestConnectCallback" name="test_nonexistent_state_redirects_invalid_state" time="0.158" /><testcase classname="tests.test_whatsapp_connect_flow.TestConnectStart" name="test_meta_not_configured_returns_503" time="0.664" /><testcase classname="tests.test_whatsapp_connect_flow.TestConnectStart" name="test_invalid_phone_returns_400" time="0.086" /><testcase classname="tests.test_whatsapp_connect_flow.TestConnectCallback" name="test_expired_state_redirects_invalid_state" time="0.828" /><testcase classname="tests.test_whatsapp_connect_flow.TestTestConnection" name="test_without_connection_returns_400" time="0.172" /><testcase classname="tests.test_whatsapp_connect_flow.TestTestConnection" name="test_with_expired_token_returns_friendly_400" time="0.220" /><testcase classname="tests.test_whatsapp_connect_flow.TestConnectCallback" name="test_used_state_second_use_invalid" time="0.155" /><testcase classname="tests.test_whatsapp_connect_flow.TestConnectCallback" name="test_valid_state_fake_code_marks_used_and_connect_failed" time="0.357" /><testcase classname="tests.test_whatsapp_connect_flow.TestSecurity" name="test_status_does_not_expose_access_token" time="0.096" /><testcase classname="tests.test_whatsapp_connect_flow.TestSecurity" name="test_callback_signature_no_office_id_param" time="0.004" /><testcase classname="tests.test_whatsapp_connect_flow.TestDisconnectPreservesHistory" name="test_disconnect_keeps_clients_and_convs" time="0.095" /></testsuite></testsuites>