<?xml version="1.0" encoding="utf-8"?><testsuites name="pytest tests"><testsuite name="pytest" errors="0" failures="2" skipped="1" tests="52" time="54.639" timestamp="2026-09-09T03:25:40.988221+00:00" hostname="agent-env-47edce2d-013f-46c9-ad65-3aca34ad6600"><testcase classname="tests.test_audio_webhook.TestAudioWebhook" name="test_audio_with_fake_media_id_returns_200_no_message_created" time="4.068" /><testcase classname="tests.test_audio_webhook.TestAudioWebhook" name="test_unsupported_types_are_ignored[image-body0]" time="1.424" /><testcase classname="tests.test_audio_webhook.TestAudioWebhook" name="test_unsupported_types_are_ignored[video-body1]" time="1.488" /><testcase classname="tests.test_audio_webhook.TestAudioWebhook" name="test_unsupported_types_are_ignored[document-body2]" time="1.458" /><testcase classname="tests.test_audio_webhook.TestAudioWebhook" name="test_unsupported_types_are_ignored[sticker-body3]" time="1.460" /><testcase classname="tests.test_audio_webhook.TestAudioWebhook" name="test_text_regression_creates_text_message_and_ravi_reply" time="3.066" /><testcase classname="tests.test_audio_webhook.TestAiModuleIntegrity" name="test_classify_and_transcribe_importable" time="0.001" /><testcase classname="tests.test_new_features.TestInlineClient" name="test_process_creates_new_client_inline" time="0.658" /><testcase classname="tests.test_new_features.TestInlineClient" name="test_process_reuses_existing_client_by_phone" time="0.197" /><testcase classname="tests.test_new_features.TestDocuments" name="test_upload_pdf_and_download" time="0.833" /><testcase classname="tests.test_new_features.TestDocuments" name="test_reject_non_pdf" time="0.134" /><testcase classname="tests.test_new_features.TestDocuments" name="test_reject_large_pdf" time="0.559" /><testcase classname="tests.test_new_features.TestDocuments" name="test_tenant_isolation_document" time="0.974" /><testcase classname="tests.test_new_features.TestCobrancas" name="test_patch_creates_and_merges_preserving_flags" time="0.273" /><testcase classname="tests.test_new_features.TestCron" name="test_unauthorized_without_bearer" time="0.115" /><testcase classname="tests.test_new_features.TestCron" name="test_wrong_secret" time="0.155" /><testcase classname="tests.test_new_features.TestCron" name="test_ok_and_idempotent" time="0.273" /><testcase classname="tests.test_new_features.TestCronDispatch" name="test_reminder_today_marks_flag" time="3.454" /><testcase classname="tests.test_new_features.TestCronDispatch" name="test_reminder_skips_when_no_client" time="2.318" /><testcase classname="tests.test_new_features.TestCronsYml" name="test_crons_yml_exists" time="0.002" /><testcase classname="tests.test_ravi.TestAuth" name="test_login_success" time="0.402" /><testcase classname="tests.test_ravi.TestAuth" name="test_login_wrong_password" time="0.378" /><testcase classname="tests.test_ravi.TestAuth" name="test_me_requires_auth" time="0.125" /><testcase classname="tests.test_ravi.TestAuth" name="test_me_authenticated" time="0.430" /><testcase classname="tests.test_ravi.TestAuth" name="test_forgot_password_existing" time="0.133" /><testcase classname="tests.test_ravi.TestAuth" name="test_forgot_password_unknown" time="0.126" /><testcase classname="tests.test_ravi.TestAuth" name="test_logout" time="0.407" /><testcase classname="tests.test_ravi.TestDashboard" name="test_stats" time="0.071" /><testcase classname="tests.test_ravi.TestClients" name="test_list_clients_has_demo" time="0.068" /><testcase classname="tests.test_ravi.TestClients" name="test_create_edit_duplicate_client" time="0.509" /><testcase classname="tests.test_ravi.TestProcesses" name="test_create_with_cnj_parsing" time="0.128" /><testcase classname="tests.test_ravi.TestConversations" name="test_get_demo_conversation" time="0.274" /><testcase classname="tests.test_ravi.TestConversations" name="test_simulate_novelty_message_green" time="4.578" /><testcase classname="tests.test_ravi.TestConversations" name="test_simulate_escalation_red" time="0.283" /><testcase classname="tests.test_ravi.TestConversations" name="test_pause_and_resume_ravi" time="0.280" /><testcase classname="tests.test_ravi.TestAlerts" name="test_list_and_resolve_alert" time="0.132" /><testcase classname="tests.test_ravi.TestTeam" name="test_add_edit_toggle_member" time="0.487" /><testcase classname="tests.test_ravi.TestIsolation" name="test_second_office_cannot_see_silva_data" time="0.639" /><testcase classname="tests.test_ravi.TestWhatsApp" name="test_webhook_verify_correct_token" time="0.144" /><testcase classname="tests.test_ravi.TestWhatsApp" name="test_webhook_verify_wrong_token" time="0.129" /><testcase classname="tests.test_ravi.TestWhatsApp" name="test_status_shows_meta_connected" time="0.069" /><testcase classname="tests.test_waba_subscription.TestWabaSubscription" name="test_connection_has_expected_waba_and_phone" time="0.014" /><testcase classname="tests.test_waba_subscription.TestWabaSubscription" name="test_subscribed_apps_lists_ravi_api" time="0.117"><failure message="AssertionError: Graph API falhou: 401 {&quot;error&quot;:{&quot;message&quot;:&quot;Error validating access token: Session has expired on Tuesday, 08-Sep-26 20:00:00 PDT. The current time is Tuesday, 08-Sep-26 20:26:14 PDT.&quot;,&quot;type&quot;:&quot;OAuthException&quot;,&quot;code&quot;:190,&quot;er&#10;assert 401 == 200&#10; +  where 401 = &lt;Response [401]&gt;.status_code">tests/test_waba_subscription.py:57: in test_subscribed_apps_lists_ravi_api
    assert r.status_code == 200, f"Graph API falhou: {r.status_code} {r.text[:200]}"
E   AssertionError: Graph API falhou: 401 {"error":{"message":"Error validating access token: Session has expired on Tuesday, 08-Sep-26 20:00:00 PDT. The current time is Tuesday, 08-Sep-26 20:26:14 PDT.","type":"OAuthException","code":190,"er
E   assert 401 == 200
E    +  where 401 = &lt;Response [401]&gt;.status_code</failure></testcase><testcase classname="tests.test_waba_subscription.TestBackendHealth" name="test_backend_reloaded_without_errors" time="0.029"><failure message="AssertionError: Erros críticos nos logs do backend: ['Traceback (most recent call last)']&#10;assert not ['Traceback (most recent call last)']">tests/test_waba_subscription.py:80: in test_backend_reloaded_without_errors
    assert not found, f"Erros críticos nos logs do backend: {found}"
E   AssertionError: Erros críticos nos logs do backend: ['Traceback (most recent call last)']
E   assert not ['Traceback (most recent call last)']</failure></testcase><testcase classname="tests.test_waba_subscription.TestBackendHealth" name="test_status_endpoint_returns_connected" time="0.445" /><testcase classname="tests.test_webhook_meta.TestWebhookVerify" name="test_verify_correct_token_returns_challenge" time="0.123" /><testcase classname="tests.test_webhook_meta.TestWebhookVerify" name="test_verify_wrong_token_returns_403" time="0.120" /><testcase classname="tests.test_webhook_meta.TestWebhookVerify" name="test_verify_missing_params_returns_403" time="0.123" /><testcase classname="tests.test_webhook_meta.TestWebhookInbound" name="test_inbound_from_known_number_creates_conversation_and_ravi_reply" time="3.101"><skipped type="pytest.skip" message="Envio Meta falhou (token possivelmente expirado). Msg RAVI persistida mas delivered=False. Isso é limitação conhecida do token temporário 24h, não bug do pipeline.">/app/backend/tests/test_webhook_meta.py:130: Envio Meta falhou (token possivelmente expirado). Msg RAVI persistida mas delivered=False. Isso é limitação conhecida do token temporário 24h, não bug do pipeline.</skipped></testcase><testcase classname="tests.test_webhook_meta.TestWebhookInbound" name="test_inbound_idempotency_same_message_id" time="12.093" /><testcase classname="tests.test_webhook_meta.TestWebhookInbound" name="test_inbound_unknown_phone_number_id_ignored" time="2.360" /><testcase classname="tests.test_webhook_meta.TestWebhookLogging" name="test_logger_records_incoming_payload" time="2.700" /></testsuite></testsuites>