<?xml version="1.0" encoding="utf-8"?><testsuites name="pytest tests"><testsuite name="pytest" errors="0" failures="0" skipped="0" tests="13" time="9.308" timestamp="2026-09-09T02:51:43.499454+00:00" hostname="agent-env-47edce2d-013f-46c9-ad65-3aca34ad6600"><testcase classname="tests.test_new_features.TestCron" name="test_unauthorized_without_bearer" time="0.539" /><testcase classname="tests.test_new_features.TestDocuments" name="test_upload_pdf_and_download" time="1.294" /><testcase classname="tests.test_new_features.TestCron" name="test_wrong_secret" time="0.467" /><testcase classname="tests.test_new_features.TestCron" name="test_ok_and_idempotent" time="0.426" /><testcase classname="tests.test_new_features.TestDocuments" name="test_reject_non_pdf" time="0.138" /><testcase classname="tests.test_new_features.TestDocuments" name="test_reject_large_pdf" time="0.594" /><testcase classname="tests.test_new_features.TestInlineClient" name="test_process_creates_new_client_inline" time="0.592" /><testcase classname="tests.test_new_features.TestInlineClient" name="test_process_reuses_existing_client_by_phone" time="0.451" /><testcase classname="tests.test_new_features.TestCronDispatch" name="test_reminder_today_marks_flag" time="3.413" /><testcase classname="tests.test_new_features.TestDocuments" name="test_tenant_isolation_document" time="1.005" /><testcase classname="tests.test_new_features.TestCobrancas" name="test_patch_creates_and_merges_preserving_flags" time="0.345" /><testcase classname="tests.test_new_features.TestCronsYml" name="test_crons_yml_exists" time="0.002" /><testcase classname="tests.test_new_features.TestCronDispatch" name="test_reminder_skips_when_no_client" time="2.333" /></testsuite></testsuites>