<?xml version="1.0" encoding="utf-8"?><testsuites name="pytest tests"><testsuite name="pytest" errors="2" failures="13" skipped="2" tests="85" time="55.840" timestamp="2026-09-10T22:05:43.100967+00:00" hostname="agent-env-47edce2d-013f-46c9-ad65-3aca34ad6600"><testcase classname="tests.test_admin_platform.TestAdminAuth" name="test_login_bad_pw" time="0.418" /><testcase classname="tests.test_admin_platform.TestAdminAuth" name="test_admin_endpoints_require_auth" time="0.170" /><testcase classname="tests.test_admin_platform.TestAdminAuth" name="test_app_cookie_does_not_authorize_admin" time="0.455" /><testcase classname="tests.test_admin_platform.TestAdminAuth" name="test_admin_cookie_does_not_authorize_app" time="0.468" /><testcase classname="tests.test_admin_platform.TestAdminAuth" name="test_admin_me" time="0.091" /><testcase classname="tests.test_admin_platform.TestDashboard" name="test_kpis" time="0.093" /><testcase classname="tests.test_admin_platform.TestOffices" name="test_list" time="0.124" /><testcase classname="tests.test_admin_platform.TestOffices" name="test_suspend_blocks_tenant_and_reactivate" time="2.138" /><testcase classname="tests.test_admin_platform.TestOffices" name="test_plan_change_direction" time="0.303" /><testcase classname="tests.test_admin_platform.TestImpersonation" name="test_impersonate_requires_motivo" time="0.096" /><testcase classname="tests.test_admin_platform.TestImpersonation" name="test_impersonate_flow" time="0.486" /><testcase classname="tests.test_admin_platform.TestPlans" name="test_seeded_four_plans" time="0.086" /><testcase classname="tests.test_admin_platform.TestPlans" name="test_plan_crud" time="0.170" /><testcase classname="tests.test_admin_platform.TestBilling" name="test_charge_lifecycle" time="0.531" /><testcase classname="tests.test_admin_platform.TestBilling" name="test_overview_has_aging" time="0.085" /><testcase classname="tests.test_admin_platform.TestSecrets" name="test_write_only" time="0.291" /><testcase classname="tests.test_admin_platform.TestSecrets" name="test_health" time="0.284" /><testcase classname="tests.test_admin_platform.TestTickets" name="test_office_creates_ticket_admin_manages" time="0.328" /><testcase classname="tests.test_admin_platform.TestAIConfig" name="test_rules_persist" time="0.170" /><testcase classname="tests.test_admin_platform.TestOverage" name="test_overage_alert_and_hard_block" time="3.454" /><testcase classname="tests.test_audio_webhook.TestAudioWebhook" name="test_audio_with_fake_media_id_returns_200_no_message_created" time="3.882" /><testcase classname="tests.test_audio_webhook.TestAudioWebhook" name="test_unsupported_types_are_ignored[image-body0]" time="1.449" /><testcase classname="tests.test_audio_webhook.TestAudioWebhook" name="test_unsupported_types_are_ignored[video-body1]" time="1.624" /><testcase classname="tests.test_audio_webhook.TestAudioWebhook" name="test_unsupported_types_are_ignored[document-body2]" time="1.523" /><testcase classname="tests.test_audio_webhook.TestAudioWebhook" name="test_unsupported_types_are_ignored[sticker-body3]" time="1.599" /><testcase classname="tests.test_audio_webhook.TestAudioWebhook" name="test_text_regression_creates_text_message_and_ravi_reply" time="5.393" /><testcase classname="tests.test_audio_webhook.TestAiModuleIntegrity" name="test_classify_and_transcribe_importable" time="0.009"><failure message="KeyError: 'MONGO_URL'">E   KeyError: 'MONGO_URL'</failure></testcase><testcase classname="tests.test_new_features.TestInlineClient" name="test_process_creates_new_client_inline" time="0.566"><failure message="AssertionError: {&quot;detail&quot;:&quot;Limite do plano excedido (67/25 processos). Fale com o suporte RAVI para ampliar seu plano.&quot;}&#10;assert 402 == 200&#10; +  where 402 = &lt;Response [402]&gt;.status_code">E   AssertionError: {"detail":"Limite do plano excedido (67/25 processos). Fale com o suporte RAVI para ampliar seu plano."}
    assert 402 == 200
     +  where 402 = &lt;Response [402]&gt;.status_code</failure></testcase><testcase classname="tests.test_new_features.TestInlineClient" name="test_process_reuses_existing_client_by_phone" time="0.151"><failure message="AssertionError: {&quot;detail&quot;:&quot;Limite do plano excedido (67/25 processos). Fale com o suporte RAVI para ampliar seu plano.&quot;}&#10;assert 402 == 200&#10; +  where 402 = &lt;Response [402]&gt;.status_code">E   AssertionError: {"detail":"Limite do plano excedido (67/25 processos). Fale com o suporte RAVI para ampliar seu plano."}
    assert 402 == 200
     +  where 402 = &lt;Response [402]&gt;.status_code</failure></testcase><testcase classname="tests.test_new_features.TestDocuments" name="test_upload_pdf_and_download" time="0.080"><failure message="KeyError: 'id'">E   KeyError: 'id'</failure></testcase><testcase classname="tests.test_new_features.TestDocuments" name="test_reject_non_pdf" time="0.076"><failure message="KeyError: 'id'">E   KeyError: 'id'</failure></testcase><testcase classname="tests.test_new_features.TestDocuments" name="test_reject_large_pdf" time="0.086"><failure message="KeyError: 'id'">E   KeyError: 'id'</failure></testcase><testcase classname="tests.test_new_features.TestDocuments" name="test_tenant_isolation_document" time="0.544"><failure message="KeyError: 'id'">E   KeyError: 'id'</failure></testcase><testcase classname="tests.test_new_features.TestCobrancas" name="test_patch_creates_and_merges_preserving_flags" time="0.081"><failure message="AssertionError: {&quot;detail&quot;:&quot;Limite do plano excedido (67/25 processos). Fale com o suporte RAVI para ampliar seu plano.&quot;}&#10;assert 402 == 200&#10; +  where 402 = &lt;Response [402]&gt;.status_code">E   AssertionError: {"detail":"Limite do plano excedido (67/25 processos). Fale com o suporte RAVI para ampliar seu plano."}
    assert 402 == 200
     +  where 402 = &lt;Response [402]&gt;.status_code</failure></testcase><testcase classname="tests.test_new_features.TestCron" name="test_unauthorized_without_bearer" time="0.141" /><testcase classname="tests.test_new_features.TestCron" name="test_wrong_secret" time="0.173" /><testcase classname="tests.test_new_features.TestCron" name="test_ok_and_idempotent" time="0.302" /><testcase classname="tests.test_new_features.TestCronDispatch" name="test_reminder_today_marks_flag" time="0.157"><failure message="AssertionError: {&quot;detail&quot;:&quot;Limite do plano excedido (67/25 processos). Fale com o suporte RAVI para ampliar seu plano.&quot;}&#10;assert 402 == 200&#10; +  where 402 = &lt;Response [402]&gt;.status_code">E   AssertionError: {"detail":"Limite do plano excedido (67/25 processos). Fale com o suporte RAVI para ampliar seu plano."}
    assert 402 == 200
     +  where 402 = &lt;Response [402]&gt;.status_code</failure></testcase><testcase classname="tests.test_new_features.TestCronDispatch" name="test_reminder_skips_when_no_client" time="0.075"><failure message="assert 402 == 200&#10; +  where 402 = &lt;Response [402]&gt;.status_code">E   assert 402 == 200
     +  where 402 = &lt;Response [402]&gt;.status_code</failure></testcase><testcase classname="tests.test_new_features.TestCronsYml" name="test_crons_yml_exists" time="0.001" /><testcase classname="tests.test_ravi.TestAuth" name="test_login_success" time="0.382" /><testcase classname="tests.test_ravi.TestAuth" name="test_login_wrong_password" time="0.358" /><testcase classname="tests.test_ravi.TestAuth" name="test_me_requires_auth" time="0.168" /><testcase classname="tests.test_ravi.TestAuth" name="test_me_authenticated" time="0.463" /><testcase classname="tests.test_ravi.TestAuth" name="test_forgot_password_existing" time="0.159" /><testcase classname="tests.test_ravi.TestAuth" name="test_forgot_password_unknown" time="0.150" /><testcase classname="tests.test_ravi.TestAuth" name="test_logout" time="0.457" /><testcase classname="tests.test_ravi.TestDashboard" name="test_stats" time="0.084" /><testcase classname="tests.test_ravi.TestClients" name="test_list_clients_has_demo" time="0.085" /><testcase classname="tests.test_ravi.TestClients" name="test_create_edit_duplicate_client" time="0.643" /><testcase classname="tests.test_ravi.TestProcesses" name="test_create_with_cnj_parsing" time="0.090"><failure message="AssertionError: {&quot;detail&quot;:&quot;Limite do plano excedido (67/25 processos). Fale com o suporte RAVI para ampliar seu plano.&quot;}&#10;assert 402 == 200&#10; +  where 402 = &lt;Response [402]&gt;.status_code">E   AssertionError: {"detail":"Limite do plano excedido (67/25 processos). Fale com o suporte RAVI para ampliar seu plano."}
    assert 402 == 200
     +  where 402 = &lt;Response [402]&gt;.status_code</failure></testcase><testcase classname="tests.test_ravi.TestConversations" name="test_get_demo_conversation" time="0.413" /><testcase classname="tests.test_ravi.TestConversations" name="test_simulate_novelty_message_green" time="1.937" /><testcase classname="tests.test_ravi.TestConversations" name="test_simulate_escalation_red" time="0.309" /><testcase classname="tests.test_ravi.TestConversations" name="test_pause_and_resume_ravi" time="0.413" /><testcase classname="tests.test_ravi.TestAlerts" name="test_list_and_resolve_alert" time="0.222" /><testcase classname="tests.test_ravi.TestTeam" name="test_add_edit_toggle_member" time="0.610" /><testcase classname="tests.test_ravi.TestIsolation" name="test_second_office_cannot_see_silva_data" time="0.822" /><testcase classname="tests.test_ravi.TestWhatsApp" name="test_webhook_verify_correct_token" time="0.203" /><testcase classname="tests.test_ravi.TestWhatsApp" name="test_webhook_verify_wrong_token" time="0.143" /><testcase classname="tests.test_ravi.TestWhatsApp" name="test_status_shows_meta_connected" time="0.087"><failure message="AssertionError: assert 'token_expired' == 'connected'&#10;  &#10;  - connected&#10;  + token_expired">E   AssertionError: assert 'token_expired' == 'connected'
      
      - connected
      + token_expired</failure></testcase><testcase classname="tests.test_waba_subscription.TestWabaSubscription" name="test_connection_has_expected_waba_and_phone" time="0.005"><error message="failed on setup with &quot;AssertionError: Nenhuma whatsapp_connection com status=connected&#10;assert None is not None&quot;">E   AssertionError: Nenhuma whatsapp_connection com status=connected
    assert None is not None</error></testcase><testcase classname="tests.test_waba_subscription.TestWabaSubscription" name="test_subscribed_apps_lists_ravi_api" time="0.000"><error message="failed on setup with &quot;AssertionError: Nenhuma whatsapp_connection com status=connected&#10;assert None is not None&quot;">E   AssertionError: Nenhuma whatsapp_connection com status=connected
    assert None is not None</error></testcase><testcase classname="tests.test_waba_subscription.TestBackendHealth" name="test_backend_reloaded_without_errors" time="0.054" /><testcase classname="tests.test_waba_subscription.TestBackendHealth" name="test_status_endpoint_returns_connected" time="0.477"><failure message="AssertionError: status != connected: {'status': 'token_expired', 'display_phone_number': '+1 555-665-3479', 'phone_number_id': '1266842309849495', 'business_account_id': '1074967048515451', 'updated_at': '2026-09-10T22:06:09.386425+00:00'}&#10;assert 'token_expired' == 'connected'&#10;  &#10;  - connected&#10;  + token_expired">E   AssertionError: status != connected: {'status': 'token_expired', 'display_phone_number': '+1 555-665-3479', 'phone_number_id': '1266842309849495', 'business_account_id': '1074967048515451', 'updated_at': '2026-09-10T22:06:09.386425+00:00'}
    assert 'token_expired' == 'connected'
      
      - connected
      + token_expired</failure></testcase><testcase classname="tests.test_webhook_meta.TestWebhookVerify" name="test_verify_correct_token_returns_challenge" time="0.123" /><testcase classname="tests.test_webhook_meta.TestWebhookVerify" name="test_verify_wrong_token_returns_403" time="0.139" /><testcase classname="tests.test_webhook_meta.TestWebhookVerify" name="test_verify_missing_params_returns_403" time="0.159" /><testcase classname="tests.test_webhook_meta.TestWebhookInbound" name="test_inbound_from_known_number_creates_conversation_and_ravi_reply" time="1.002"><skipped type="pytest.skip" message="Envio Meta falhou (token possivelmente expirado). Msg RAVI persistida mas delivered=False. Isso é limitação conhecida do token temporário 24h, não bug do pipeline.">/app/backend/tests/test_webhook_meta.py:130: Envio Meta falhou (token possivelmente expirado). Msg RAVI persistida mas delivered=False. Isso é limitação conhecida do token temporário 24h, não bug do pipeline.</skipped></testcase><testcase classname="tests.test_webhook_meta.TestWebhookInbound" name="test_inbound_idempotency_same_message_id" time="10.672" /><testcase classname="tests.test_webhook_meta.TestWebhookInbound" name="test_inbound_unknown_phone_number_id_ignored" time="2.341" /><testcase classname="tests.test_webhook_meta.TestWebhookLogging" name="test_logger_records_incoming_payload" time="1.205" /><testcase classname="tests.test_whatsapp_connect_flow.TestConnectStart" name="test_requires_auth" time="0.124" /><testcase classname="tests.test_whatsapp_connect_flow.TestConnectStart" name="test_meta_not_configured_returns_503" time="0.502" /><testcase classname="tests.test_whatsapp_connect_flow.TestConnectStart" name="test_invalid_phone_returns_400" time="0.088" /><testcase classname="tests.test_whatsapp_connect_flow.TestConnectCallback" name="test_missing_params_redirects_missing_params" time="0.168" /><testcase classname="tests.test_whatsapp_connect_flow.TestConnectCallback" name="test_nonexistent_state_redirects_invalid_state" time="0.206" /><testcase classname="tests.test_whatsapp_connect_flow.TestConnectCallback" name="test_expired_state_redirects_invalid_state" time="0.233" /><testcase classname="tests.test_whatsapp_connect_flow.TestConnectCallback" name="test_used_state_second_use_invalid" time="0.140" /><testcase classname="tests.test_whatsapp_connect_flow.TestConnectCallback" name="test_valid_state_fake_code_marks_used_and_connect_failed" time="0.348" /><testcase classname="tests.test_whatsapp_connect_flow.TestTestConnection" name="test_without_connection_returns_400" time="0.092" /><testcase classname="tests.test_whatsapp_connect_flow.TestTestConnection" name="test_with_expired_token_returns_friendly_400" time="0.001"><skipped type="pytest.skip" message="Sem conexão ativa — cenário não aplicável">/app/backend/tests/test_whatsapp_connect_flow.py:163: Sem conexão ativa — cenário não aplicável</skipped></testcase><testcase classname="tests.test_whatsapp_connect_flow.TestSecurity" name="test_status_does_not_expose_access_token" time="0.102" /><testcase classname="tests.test_whatsapp_connect_flow.TestSecurity" name="test_callback_signature_no_office_id_param" time="0.002" /><testcase classname="tests.test_whatsapp_connect_flow.TestDisconnectPreservesHistory" name="test_disconnect_keeps_clients_and_convs" time="0.100" /></testsuite></testsuites>