<?xml version="1.0" encoding="utf-8"?><testsuites name="pytest tests"><testsuite name="pytest" errors="0" failures="0" skipped="0" tests="21" time="5.627" timestamp="2026-09-14T21:44:50.625597+00:00" hostname="agent-env-47edce2d-013f-46c9-ad65-3aca34ad6600"><testcase classname="tests.test_phase5_admin_users.TestAdminUsersSecurity" name="test_get_users_without_auth_401" time="0.309" /><testcase classname="tests.test_phase5_admin_users.TestAdminUsersSecurity" name="test_get_users_with_app_cookie_401" time="0.475" /><testcase classname="tests.test_phase5_admin_users.TestAdminUsersSecurity" name="test_app_user_never_hits_admin_dashboard" time="0.464" /><testcase classname="tests.test_phase5_admin_users.TestAdminUsersCRUD" name="test_list_users_super" time="0.508" /><testcase classname="tests.test_phase5_admin_users.TestAdminUsersCRUD" name="test_create_admin_invalid_role_400" time="0.077" /><testcase classname="tests.test_phase5_admin_users.TestAdminUsersCRUD" name="test_create_admin_valid_returns_temp_password" time="0.318" /><testcase classname="tests.test_phase5_admin_users.TestAdminUsersCRUD" name="test_temp_password_not_returned_in_get" time="0.085" /><testcase classname="tests.test_phase5_admin_users.TestAdminUsersCRUD" name="test_duplicate_email_400" time="0.079" /><testcase classname="tests.test_phase5_admin_users.TestAdminUsersCRUD" name="test_new_admin_can_login" time="0.508" /><testcase classname="tests.test_phase5_admin_users.TestAdminUsersCRUD" name="test_non_super_forbidden_from_users" time="0.515" /><testcase classname="tests.test_phase5_admin_users.TestAdminUsersCRUD" name="test_toggle_active_deactivates_then_login_403" time="0.425" /><testcase classname="tests.test_phase5_admin_users.TestAdminUsersCRUD" name="test_toggle_active_reactivates" time="0.466" /><testcase classname="tests.test_phase5_admin_users.TestAdminUsersCRUD" name="test_cannot_self_deactivate" time="0.159" /><testcase classname="tests.test_phase5_admin_users.TestAdminLogsDateFilter" name="test_logs_no_dates_returns_all" time="0.090" /><testcase classname="tests.test_phase5_admin_users.TestAdminLogsDateFilter" name="test_logs_future_range_empty" time="0.083" /><testcase classname="tests.test_phase5_admin_users.TestAdminLogsDateFilter" name="test_logs_today_range_includes_recent" time="0.170" /><testcase classname="tests.test_phase5_admin_users.TestAdminLogsDateFilter" name="test_logs_tipo_admin_only" time="0.086" /><testcase classname="tests.test_phase5_admin_users.TestAdminLogsDateFilter" name="test_logs_tipo_tenant_only" time="0.086" /><testcase classname="tests.test_phase5_admin_users.TestRegression" name="test_dashboard" time="0.085" /><testcase classname="tests.test_phase5_admin_users.TestRegression" name="test_offices" time="0.242" /><testcase classname="tests.test_phase5_admin_users.TestRegression" name="test_impersonate" time="0.293" /></testsuite></testsuites>