<?xml version="1.0" encoding="utf-8"?><testsuites name="pytest tests"><testsuite name="pytest" errors="0" failures="0" skipped="0" tests="19" time="8.833" timestamp="2026-09-14T22:46:30.241500+00:00" hostname="agent-env-47edce2d-013f-46c9-ad65-3aca34ad6600"><testcase classname="tests.test_phase6_billing.TestPricingCRUD" name="test_meta_pricing_requires_admin" time="0.213" /><testcase classname="tests.test_phase6_billing.TestWhatsAppUsagePanel" name="test_usage_requires_auth" time="0.153" /><testcase classname="tests.test_phase6_billing.TestWhatsAppUsagePanel" name="test_usage_returns_all_expected_fields" time="0.581" /><testcase classname="tests.test_phase6_billing.TestPricingCRUD" name="test_meta_pricing_create_and_list" time="0.663" /><testcase classname="tests.test_phase6_billing.TestPricingCRUD" name="test_meta_pricing_invalid_category" time="0.250" /><testcase classname="tests.test_phase6_billing.TestWhatsAppUsagePanel" name="test_usage_isolation_multitenant" time="1.094" /><testcase classname="tests.test_phase6_billing.TestPricingCRUD" name="test_customer_rate_create_and_versioning" time="0.833" /><testcase classname="tests.test_phase6_billing.TestWhatsAppInvoices" name="test_generate_invoice_and_events_marked" time="0.247" /><testcase classname="tests.test_phase6_billing.TestPricingCRUD" name="test_customer_rate_invalid_plan" time="0.064" /><testcase classname="tests.test_phase6_billing.TestPlanChange" name="test_immediate_creates_active_subscription" time="0.656" /><testcase classname="tests.test_phase6_billing.TestWhatsAppInvoices" name="test_adjustment_requires_motivo" time="0.082" /><testcase classname="tests.test_phase6_billing.TestWhatsAppInvoices" name="test_adjustment_ok" time="0.074" /><testcase classname="tests.test_phase6_billing.TestUsageEventFreezePrices" name="test_prices_frozen_at_event_time" time="0.929" /><testcase classname="tests.test_phase6_billing.TestPlanChange" name="test_next_cycle_sets_pending_plan" time="0.361" /><testcase classname="tests.test_phase6_billing.TestAdminConsolidatedReport" name="test_report_requires_admin" time="0.152" /><testcase classname="tests.test_phase6_billing.TestPipelineUsageHooks" name="test_client_message_generates_usage_events" time="4.961" /><testcase classname="tests.test_phase6_billing.TestAdminConsolidatedReport" name="test_report_structure" time="0.107" /><testcase classname="tests.test_phase6_billing.TestConsumptionAlerts" name="test_alert_triggers_at_threshold" time="2.511" /><testcase classname="tests.test_phase6_billing.TestPlanVersioning" name="test_update_plan_creates_new_version" time="0.339" /></testsuite></testsuites>