<?xml version="1.0" encoding="utf-8"?><testsuites name="pytest tests"><testsuite name="pytest" errors="0" failures="0" skipped="0" tests="20" time="5.173" timestamp="2026-09-14T23:55:18.642886+00:00" hostname="agent-env-47edce2d-013f-46c9-ad65-3aca34ad6600"><testcase classname="tests.test_phase7_security.TestAdminRBAC" name="test_analista_nao_impersona" time="2.206" /><testcase classname="tests.test_phase7_security.TestMultiTenantIsolation" name="test_b_nao_le_cliente_de_a" time="2.154" /><testcase classname="tests.test_phase7_security.TestMultiTenantIsolation" name="test_b_nao_edita_cliente_de_a" time="0.067" /><testcase classname="tests.test_phase7_security.TestAdminRBAC" name="test_analista_nao_cria_plano" time="0.086" /><testcase classname="tests.test_phase7_security.TestMultiTenantIsolation" name="test_b_nao_deleta_cliente_de_a" time="0.073" /><testcase classname="tests.test_phase7_security.TestAdminRBAC" name="test_analista_nao_toca_secrets" time="0.074" /><testcase classname="tests.test_phase7_security.TestMultiTenantIsolation" name="test_b_nao_le_processo_de_a" time="0.139" /><testcase classname="tests.test_phase7_security.TestAdminRBAC" name="test_analista_nao_cria_cobranca" time="0.073" /><testcase classname="tests.test_phase7_security.TestMultiTenantIsolation" name="test_b_nao_le_conversa_de_a" time="0.085" /><testcase classname="tests.test_phase7_security.TestAdminRBAC" name="test_analista_le_dashboard" time="0.078" /><testcase classname="tests.test_phase7_security.TestMultiTenantIsolation" name="test_listagem_de_b_nao_vaza_dados_de_a" time="0.139" /><testcase classname="tests.test_phase7_security.TestAdminRBAC" name="test_super_admin_impersona_com_motivo" time="0.503" /><testcase classname="tests.test_phase7_security.TestMultiTenantIsolation" name="test_a_nao_vincula_cliente_de_b_em_conversa_de_a" time="0.273" /><testcase classname="tests.test_phase7_security.TestMultiTenantIsolation" name="test_uso_whatsapp_de_b_mostra_apenas_b" time="0.074" /><testcase classname="tests.test_phase7_security.TestMultiTenantIsolation" name="test_usuario_tenant_nao_entra_no_admin" time="0.242" /><testcase classname="tests.test_phase7_security.TestWebhookSignature" name="test_post_sem_assinatura_403" time="0.165" /><testcase classname="tests.test_phase7_security.TestWebhookSignature" name="test_post_assinatura_errada_403" time="0.151" /><testcase classname="tests.test_phase7_security.TestSessionSecurity" name="test_logout_invalida_access_e_refresh" time="0.662" /><testcase classname="tests.test_phase7_security.TestWebhookSignature" name="test_post_assinado_200" time="0.278" /><testcase classname="tests.test_phase7_security.TestAuditCoverage" name="test_eventos_de_seguranca_registrados" time="0.916" /></testsuite></testsuites>