<?xml version="1.0" encoding="utf-8"?><testsuites name="pytest tests"><testsuite name="pytest" errors="0" failures="0" skipped="0" tests="9" time="7.361" timestamp="2026-09-14T21:17:06.238984+00:00" hostname="agent-env-47edce2d-013f-46c9-ad65-3aca34ad6600"><testcase classname="tests.test_phase3.TestStateMachine" name="test_green_message_keeps_ai_handling" time="4.920" /><testcase classname="tests.test_phase3.TestStateMachine" name="test_explicit_human_request_goes_red" time="0.304" /><testcase classname="tests.test_phase3.TestStateMachine" name="test_acordo_message_goes_red" time="0.156" /><testcase classname="tests.test_phase3.TestConversationActions" name="test_pause_creates_system_message_and_blocks_ai" time="0.306" /><testcase classname="tests.test_phase3.TestConversationActions" name="test_takeover_records_user_name" time="0.157" /><testcase classname="tests.test_phase3.TestConversationActions" name="test_resume_returns_to_ai_handling" time="0.162" /><testcase classname="tests.test_phase3.TestConversationActions" name="test_resolve_closes_conversation_and_alerts" time="0.482" /><testcase classname="tests.test_phase3.TestIsolation" name="test_other_office_cannot_act_on_conversation" time="0.718" /><testcase classname="tests.test_phase3.TestIsolation" name="test_other_office_cannot_get_conversation" time="0.066" /></testsuite></testsuites>