<?xml version="1.0" encoding="utf-8"?><testsuites name="pytest tests"><testsuite name="pytest" errors="0" failures="0" skipped="0" tests="19" time="14.393" timestamp="2026-09-14T21:30:55.527867+00:00" hostname="agent-env-47edce2d-013f-46c9-ad65-3aca34ad6600"><testcase classname="tests.test_phase4_encryption.TestEncryptionUnit" name="test_encrypt_produces_fernet_token" time="0.047" /><testcase classname="tests.test_phase4_encryption.TestEncryptionUnit" name="test_decrypt_roundtrip" time="0.000" /><testcase classname="tests.test_phase4_encryption.TestEncryptionUnit" name="test_legacy_plaintext_fallback" time="0.000" /><testcase classname="tests.test_phase4_encryption.TestEncryptionUnit" name="test_empty_token_returns_empty" time="0.000" /><testcase classname="tests.test_phase4_encryption.TestEncryptionUnit" name="test_corrupted_ciphertext_returns_empty" time="0.000" /><testcase classname="tests.test_phase4_encryption.TestEncryptionUnit" name="test_key_derived_from_jwt_secret" time="0.000" /><testcase classname="tests.test_phase4_encryption.TestNoTokenLeak" name="test_whatsapp_status_hides_token" time="0.591" /><testcase classname="tests.test_phase4_encryption.TestNoTokenLeak" name="test_admin_meta_status_hides_token" time="0.474" /><testcase classname="tests.test_phase4_encryption.TestNoTokenLeak" name="test_conversations_do_not_leak_token" time="0.083" /><testcase classname="tests.test_phase4_encryption.TestWebhookVerify" name="test_verify_success" time="0.142" /><testcase classname="tests.test_phase4_encryption.TestWebhookVerify" name="test_verify_wrong_token" time="0.153" /><testcase classname="tests.test_phase4_encryption.TestWebhookVerify" name="test_verify_missing_params" time="0.138" /><testcase classname="tests.test_phase4_encryption.TestWebhookPOST" name="test_webhook_unknown_phone_number_id_ok_no_side_effect" time="0.135" /><testcase classname="tests.test_phase4_encryption.TestWebhookPOST" name="test_webhook_text_message_processed" time="3.341" /><testcase classname="tests.test_phase4_encryption.TestWebhookPOST" name="test_webhook_idempotency" time="2.322" /><testcase classname="tests.test_phase4_encryption.TestNewContactUnidentified" name="test_new_contact_creates_unidentified_conversation" time="4.157" /><testcase classname="tests.test_phase4_encryption.TestAdminHealth" name="test_health_check_returns_all_sections" time="0.227" /><testcase classname="tests.test_phase4_encryption.TestAdminHealth" name="test_health_does_not_leak_token" time="0.085" /><testcase classname="tests.test_phase4_encryption.TestMultiTenantRouting" name="test_webhook_unknown_pnid_creates_nothing" time="2.408" /></testsuite></testsuites>