<?xml version="1.0" encoding="utf-8"?><testsuites name="pytest tests"><testsuite name="pytest" errors="0" failures="1" skipped="0" tests="15" time="11.468" timestamp="2026-09-14T20:57:07.649118+00:00" hostname="agent-env-47edce2d-013f-46c9-ad65-3aca34ad6600"><testcase classname="tests.test_phase2.TestClientesPhase2" name="test_create_with_cpf_and_notes" time="0.833" /><testcase classname="tests.test_phase2.TestClientesPhase2" name="test_archive_hides_and_toggle_reveals" time="0.554" /><testcase classname="tests.test_phase2.TestClientesPhase2" name="test_client_detail_with_processes_and_conversations" time="0.180" /><testcase classname="tests.test_phase2.TestClientesPhase2" name="test_client_detail_tenant_isolation" time="0.737" /><testcase classname="tests.test_phase2.TestImportPdfNormal" name="test_fixture_exists" time="0.000" /><testcase classname="tests.test_phase2.TestImportPdfNormal" name="test_import_extracts_cnj_and_tribunal" time="5.632"><failure message="AssertionError: assert 'TJSP' in (('Tribunal de Justiça do Estado de São Paulo'))&#10; +  where 'Tribunal de Justiça do Estado de São Paulo' = &lt;built-in method get of dict object at 0xf8997a30c980&gt;('tribunal')&#10; +    where &lt;built-in method get of dict object at 0xf8997a30c980&gt; = {'id': '1cd9ebe4783b444db604dedde3dce231', 'office_id': '00a208d08ad74a0cb49f893f42a50705', 'number': '1009876-55.2026.8.26.0100', 'numero_formatado': '1009876-55.2026.8.26.0100', ...}.get">backend/tests/test_phase2.py:115: in test_import_extracts_cnj_and_tribunal
    assert "TJSP" in (proc.get("tribunal") or proc.get("court") or "")
E   AssertionError: assert 'TJSP' in (('Tribunal de Justiça do Estado de São Paulo'))
E    +  where 'Tribunal de Justiça do Estado de São Paulo' = &lt;built-in method get of dict object at 0xf8997a30c980&gt;('tribunal')
E    +    where &lt;built-in method get of dict object at 0xf8997a30c980&gt; = {'id': '1cd9ebe4783b444db604dedde3dce231', 'office_id': '00a208d08ad74a0cb49f893f42a50705', 'number': '1009876-55.2026.8.26.0100', 'numero_formatado': '1009876-55.2026.8.26.0100', ...}.get</failure></testcase><testcase classname="tests.test_phase2.TestImportPdfNormal" name="test_import_partes_typed" time="0.000" /><testcase classname="tests.test_phase2.TestImportPdfNormal" name="test_import_movimentacoes_and_last_movement" time="0.000" /><testcase classname="tests.test_phase2.TestImportPdfNormal" name="test_import_nao_identificados_empty_for_normal" time="0.000" /><testcase classname="tests.test_phase2.TestImportPdfNormal" name="test_import_document_stored_with_office" time="0.117" /><testcase classname="tests.test_phase2.TestImportPdfNormal" name="test_import_isolation_other_office_404" time="0.262" /><testcase classname="tests.test_phase2.TestImportPdfRestrito" name="test_fixture_exists" time="0.000" /><testcase classname="tests.test_phase2.TestImportPdfRestrito" name="test_restricted_flag_and_no_partes" time="2.887" /><testcase classname="tests.test_phase2.TestImportPdfInvalid" name="test_reject_non_pdf" time="0.080" /><testcase classname="tests.test_phase2.TestImportPdfInvalid" name="test_reject_pdf_no_text" time="0.079" /></testsuite></testsuites>