<?xml version="1.0" encoding="utf-8"?><testsuites name="pytest tests"><testsuite name="pytest" errors="0" failures="0" skipped="0" tests="21" time="8.096" timestamp="2026-09-09T00:50:46.123185+00:00" hostname="agent-env-47edce2d-013f-46c9-ad65-3aca34ad6600"><testcase classname="tests.test_ravi.TestAuth" name="test_login_success" time="0.433" /><testcase classname="tests.test_ravi.TestAuth" name="test_login_wrong_password" time="0.493" /><testcase classname="tests.test_ravi.TestAuth" name="test_me_requires_auth" time="0.129" /><testcase classname="tests.test_ravi.TestConversations" name="test_get_demo_conversation" time="1.193" /><testcase classname="tests.test_ravi.TestConversations" name="test_simulate_novelty_message_green" time="5.853" /><testcase classname="tests.test_ravi.TestAuth" name="test_me_authenticated" time="1.921" /><testcase classname="tests.test_ravi.TestAuth" name="test_forgot_password_existing" time="0.143" /><testcase classname="tests.test_ravi.TestAuth" name="test_forgot_password_unknown" time="0.170" /><testcase classname="tests.test_ravi.TestAuth" name="test_logout" time="0.448" /><testcase classname="tests.test_ravi.TestWhatsApp" name="test_webhook_verify_correct_token" time="0.125" /><testcase classname="tests.test_ravi.TestWhatsApp" name="test_webhook_verify_wrong_token" time="0.207" /><testcase classname="tests.test_ravi.TestWhatsApp" name="test_status_shows_meta_pending" time="0.083" /><testcase classname="tests.test_ravi.TestClients" name="test_list_clients_has_demo" time="0.080" /><testcase classname="tests.test_ravi.TestClients" name="test_create_edit_duplicate_client" time="0.391" /><testcase classname="tests.test_ravi.TestDashboard" name="test_stats" time="0.082" /><testcase classname="tests.test_ravi.TestProcesses" name="test_create_with_cnj_parsing" time="0.161" /><testcase classname="tests.test_ravi.TestAlerts" name="test_list_and_resolve_alert" time="0.450" /><testcase classname="tests.test_ravi.TestTeam" name="test_add_edit_toggle_member" time="0.559" /><testcase classname="tests.test_ravi.TestIsolation" name="test_second_office_cannot_see_silva_data" time="0.887" /><testcase classname="tests.test_ravi.TestConversations" name="test_simulate_escalation_red" time="0.210" /><testcase classname="tests.test_ravi.TestConversations" name="test_pause_and_resume_ravi" time="0.280" /></testsuite></testsuites>