<?xml version="1.0" encoding="utf-8"?><testsuites name="pytest tests"><testsuite name="pytest" errors="0" failures="1" skipped="0" tests="21" time="10.648" timestamp="2026-09-09T02:02:03.889971+00:00" hostname="agent-env-47edce2d-013f-46c9-ad65-3aca34ad6600"><testcase classname="tests.test_ravi.TestAuth" name="test_login_success" time="0.615" /><testcase classname="tests.test_ravi.TestAuth" name="test_login_wrong_password" time="0.349" /><testcase classname="tests.test_ravi.TestAuth" name="test_me_requires_auth" time="0.148" /><testcase classname="tests.test_ravi.TestConversations" name="test_get_demo_conversation" time="1.495" /><testcase classname="tests.test_ravi.TestAuth" name="test_me_authenticated" time="0.444" /><testcase classname="tests.test_ravi.TestConversations" name="test_simulate_novelty_message_green" time="7.378" /><testcase classname="tests.test_ravi.TestAuth" name="test_forgot_password_existing" time="0.160" /><testcase classname="tests.test_ravi.TestAuth" name="test_forgot_password_unknown" time="0.154" /><testcase classname="tests.test_ravi.TestAuth" name="test_logout" time="0.444" /><testcase classname="tests.test_ravi.TestWhatsApp" name="test_webhook_verify_correct_token" time="0.209" /><testcase classname="tests.test_ravi.TestWhatsApp" name="test_webhook_verify_wrong_token" time="0.157" /><testcase classname="tests.test_ravi.TestWhatsApp" name="test_status_shows_meta_pending" time="0.091"><failure message="AssertionError: assert {'status': 'connected', 'display_phone_number': '+1 555-665-3479', 'phone_number_id': '1266842309849495', 'business_account_id': '1074967048515451', ...} is None">backend/tests/test_ravi.py:277: in test_status_shows_meta_pending
    assert d["connection"] is None
E   AssertionError: assert {'status': 'connected', 'display_phone_number': '+1 555-665-3479', 'phone_number_id': '1266842309849495', 'business_account_id': '1074967048515451', ...} is None</failure></testcase><testcase classname="tests.test_ravi.TestClients" name="test_list_clients_has_demo" time="0.086" /><testcase classname="tests.test_ravi.TestClients" name="test_create_edit_duplicate_client" time="0.448" /><testcase classname="tests.test_ravi.TestDashboard" name="test_stats" time="0.101" /><testcase classname="tests.test_ravi.TestProcesses" name="test_create_with_cnj_parsing" time="0.191" /><testcase classname="tests.test_ravi.TestAlerts" name="test_list_and_resolve_alert" time="0.462" /><testcase classname="tests.test_ravi.TestTeam" name="test_add_edit_toggle_member" time="0.663" /><testcase classname="tests.test_ravi.TestIsolation" name="test_second_office_cannot_see_silva_data" time="0.754" /><testcase classname="tests.test_ravi.TestConversations" name="test_simulate_escalation_red" time="0.817" /><testcase classname="tests.test_ravi.TestConversations" name="test_pause_and_resume_ravi" time="0.373" /></testsuite></testsuites>