<?xml version="1.0" encoding="utf-8"?><testsuites name="pytest tests"><testsuite name="pytest" errors="0" failures="0" skipped="0" tests="7" time="32.956" timestamp="2026-09-09T02:01:27.239413+00:00" hostname="agent-env-47edce2d-013f-46c9-ad65-3aca34ad6600"><testcase classname="tests.test_webhook_meta.TestWebhookVerify" name="test_verify_correct_token_returns_challenge" time="0.353" /><testcase classname="tests.test_webhook_meta.TestWebhookVerify" name="test_verify_wrong_token_returns_403" time="0.230" /><testcase classname="tests.test_webhook_meta.TestWebhookVerify" name="test_verify_missing_params_returns_403" time="0.182" /><testcase classname="tests.test_webhook_meta.TestWebhookInbound" name="test_inbound_from_known_number_creates_conversation_and_ravi_reply" time="10.066" /><testcase classname="tests.test_webhook_meta.TestWebhookLogging" name="test_logger_records_incoming_payload" time="8.628" /><testcase classname="tests.test_webhook_meta.TestWebhookInbound" name="test_inbound_idempotency_same_message_id" time="19.999" /><testcase classname="tests.test_webhook_meta.TestWebhookInbound" name="test_inbound_unknown_phone_number_id_ignored" time="2.349" /></testsuite></testsuites>