<?xml version="1.0" encoding="utf-8"?><testsuites name="pytest tests"><testsuite name="pytest" errors="0" failures="1" skipped="0" tests="7" time="30.765" timestamp="2026-09-09T01:59:04.617383+00:00" hostname="agent-env-47edce2d-013f-46c9-ad65-3aca34ad6600"><testcase classname="tests.test_webhook_meta.TestWebhookVerify" name="test_verify_correct_token_returns_challenge" time="0.338" /><testcase classname="tests.test_webhook_meta.TestWebhookVerify" name="test_verify_wrong_token_returns_403" time="0.226" /><testcase classname="tests.test_webhook_meta.TestWebhookInbound" name="test_inbound_from_known_number_creates_conversation_and_ravi_reply" time="11.412" /><testcase classname="tests.test_webhook_meta.TestWebhookVerify" name="test_verify_missing_params_returns_403" time="0.120" /><testcase classname="tests.test_webhook_meta.TestWebhookLogging" name="test_logger_records_incoming_payload" time="9.346" /><testcase classname="tests.test_webhook_meta.TestWebhookInbound" name="test_inbound_idempotency_same_message_id" time="16.254"><failure message="AssertionError: Idempotência falhou: 8 → 10 mensagens após reenvio&#10;assert 10 == 8">backend/tests/test_webhook_meta.py:160: in test_inbound_idempotency_same_message_id
    assert count_after == count_before, (
E   AssertionError: Idempotência falhou: 8 → 10 mensagens após reenvio
E   assert 10 == 8</failure></testcase><testcase classname="tests.test_webhook_meta.TestWebhookInbound" name="test_inbound_unknown_phone_number_id_ignored" time="2.375" /></testsuite></testsuites>